[2018-01-08T00:03:05,506][WARN ][logstash.runner          ] SIGINT received. Shutting down the agent.
[2018-01-08T00:03:05,525][WARN ][logstash.agent           ] stopping pipeline {:id=>"main"}
[2018-01-08T00:03:10,521][WARN ][logstash.runner          ] Received shutdown signal, but pipeline is still waiting for in-flight events
to be processed. Sending another ^C will force quit Logstash, but this may cause
data loss.
[2018-01-08T00:03:10,558][WARN ][logstash.shutdownwatcher ] {}
[2018-01-08T00:03:10,562][ERROR][logstash.shutdownwatcher ] The shutdown process appears to be stalled due to busy or blocked plugins. Check the logs for more information.
[2018-01-08T00:13:42,090][INFO ][logstash.inputs.beats    ] Beats inputs: Starting input listener {:address=>"0.0.0.0:5044"}
[2018-01-08T00:13:42,140][INFO ][org.logstash.beats.Server] Starting server on port: 5044
[2018-01-08T00:13:42,447][INFO ][logstash.outputs.elasticsearch] Elasticsearch pool URLs updated {:changes=>{:removed=>[], :added=>["http://localhost:9200"]}}
[2018-01-08T00:13:42,448][INFO ][logstash.outputs.elasticsearch] Running health check to see if an Elasticsearch connection is working {:url=>#<URI::HTTP:0x62c6c131 URL:http://localhost:9200>, :healthcheck_path=>"/"}
[2018-01-08T00:13:42,545][WARN ][logstash.outputs.elasticsearch] Restored connection to ES instance {:url=>#<URI::HTTP:0x62c6c131 URL:http://localhost:9200>}
[2018-01-08T00:13:42,546][INFO ][logstash.outputs.elasticsearch] New Elasticsearch output {:class=>"LogStash::Outputs::ElasticSearch", :hosts=>["localhost:9200"]}
[2018-01-08T00:13:42,550][INFO ][logstash.outputs.elasticsearch] Elasticsearch pool URLs updated {:changes=>{:removed=>[], :added=>["http://localhost:9200"]}}
[2018-01-08T00:13:42,551][INFO ][logstash.outputs.elasticsearch] Running health check to see if an Elasticsearch connection is working {:url=>#<URI::HTTP:0x30fed822 URL:http://localhost:9200>, :healthcheck_path=>"/"}
[2018-01-08T00:13:42,560][WARN ][logstash.outputs.elasticsearch] Restored connection to ES instance {:url=>#<URI::HTTP:0x30fed822 URL:http://localhost:9200>}
[2018-01-08T00:13:42,565][INFO ][logstash.outputs.elasticsearch] New Elasticsearch output {:class=>"LogStash::Outputs::ElasticSearch", :hosts=>["localhost:9200"]}
[2018-01-08T00:13:42,568][INFO ][logstash.outputs.elasticsearch] Elasticsearch pool URLs updated {:changes=>{:removed=>[], :added=>["http://localhost:9200"]}}
[2018-01-08T00:13:42,569][INFO ][logstash.outputs.elasticsearch] Running health check to see if an Elasticsearch connection is working {:url=>#<URI::HTTP:0x45cf61b9 URL:http://localhost:9200>, :healthcheck_path=>"/"}
[2018-01-08T00:13:42,577][WARN ][logstash.outputs.elasticsearch] Restored connection to ES instance {:url=>#<URI::HTTP:0x45cf61b9 URL:http://localhost:9200>}
[2018-01-08T00:13:42,578][INFO ][logstash.outputs.elasticsearch] New Elasticsearch output {:class=>"LogStash::Outputs::ElasticSearch", :hosts=>["localhost:9200"]}
[2018-01-08T00:13:42,579][INFO ][logstash.pipeline        ] Starting pipeline {"id"=>"main", "pipeline.workers"=>4, "pipeline.batch.size"=>125, "pipeline.batch.delay"=>5, "pipeline.max_inflight"=>500}
[2018-01-08T00:13:42,583][INFO ][logstash.pipeline        ] Pipeline main started
[2018-01-08T00:13:42,624][INFO ][logstash.agent           ] Successfully started Logstash API endpoint {:port=>9600}
[2018-01-08T00:18:46,186][WARN ][logstash.runner          ] SIGINT received. Shutting down the agent.
[2018-01-08T00:18:46,200][WARN ][logstash.agent           ] stopping pipeline {:id=>"main"}
[2018-01-08T00:18:51,191][WARN ][logstash.runner          ] Received shutdown signal, but pipeline is still waiting for in-flight events
to be processed. Sending another ^C will force quit Logstash, but this may cause
data loss.
[2018-01-08T00:18:51,234][WARN ][logstash.shutdownwatcher ] {}
[2018-01-08T00:18:51,236][ERROR][logstash.shutdownwatcher ] The shutdown process appears to be stalled due to busy or blocked plugins. Check the logs for more information.
[2018-01-08T00:19:23,398][INFO ][logstash.inputs.beats    ] Beats inputs: Starting input listener {:address=>"0.0.0.0:5044"}
[2018-01-08T00:19:23,448][INFO ][org.logstash.beats.Server] Starting server on port: 5044
[2018-01-08T00:19:23,724][INFO ][logstash.outputs.elasticsearch] Elasticsearch pool URLs updated {:changes=>{:removed=>[], :added=>["http://localhost:9200"]}}
[2018-01-08T00:19:23,726][INFO ][logstash.outputs.elasticsearch] Running health check to see if an Elasticsearch connection is working {:url=>#<URI::HTTP:0x7a95eec6 URL:http://localhost:9200>, :healthcheck_path=>"/"}
[2018-01-08T00:19:23,819][WARN ][logstash.outputs.elasticsearch] Restored connection to ES instance {:url=>#<URI::HTTP:0x7a95eec6 URL:http://localhost:9200>}
[2018-01-08T00:19:23,820][INFO ][logstash.outputs.elasticsearch] New Elasticsearch output {:class=>"LogStash::Outputs::ElasticSearch", :hosts=>["localhost:9200"]}
[2018-01-08T00:19:23,824][INFO ][logstash.outputs.elasticsearch] Elasticsearch pool URLs updated {:changes=>{:removed=>[], :added=>["http://localhost:9200"]}}
[2018-01-08T00:19:23,825][INFO ][logstash.outputs.elasticsearch] Running health check to see if an Elasticsearch connection is working {:url=>#<URI::HTTP:0x15a1e30a URL:http://localhost:9200>, :healthcheck_path=>"/"}
[2018-01-08T00:19:23,828][WARN ][logstash.outputs.elasticsearch] Restored connection to ES instance {:url=>#<URI::HTTP:0x15a1e30a URL:http://localhost:9200>}
[2018-01-08T00:19:23,829][INFO ][logstash.outputs.elasticsearch] New Elasticsearch output {:class=>"LogStash::Outputs::ElasticSearch", :hosts=>["localhost:9200"]}
[2018-01-08T00:19:23,832][INFO ][logstash.outputs.elasticsearch] Elasticsearch pool URLs updated {:changes=>{:removed=>[], :added=>["http://localhost:9200"]}}
[2018-01-08T00:19:23,833][INFO ][logstash.outputs.elasticsearch] Running health check to see if an Elasticsearch connection is working {:url=>#<URI::HTTP:0x182780c1 URL:http://localhost:9200>, :healthcheck_path=>"/"}
[2018-01-08T00:19:23,835][WARN ][logstash.outputs.elasticsearch] Restored connection to ES instance {:url=>#<URI::HTTP:0x182780c1 URL:http://localhost:9200>}
[2018-01-08T00:19:23,837][INFO ][logstash.outputs.elasticsearch] New Elasticsearch output {:class=>"LogStash::Outputs::ElasticSearch", :hosts=>["localhost:9200"]}
[2018-01-08T00:19:23,838][INFO ][logstash.pipeline        ] Starting pipeline {"id"=>"main", "pipeline.workers"=>4, "pipeline.batch.size"=>125, "pipeline.batch.delay"=>5, "pipeline.max_inflight"=>500}
[2018-01-08T00:19:23,841][INFO ][logstash.pipeline        ] Pipeline main started
[2018-01-08T00:19:23,882][INFO ][logstash.agent           ] Successfully started Logstash API endpoint {:port=>9600}
[2018-01-08T00:31:06,516][WARN ][logstash.runner          ] SIGINT received. Shutting down the agent.
[2018-01-08T00:31:06,526][WARN ][logstash.agent           ] stopping pipeline {:id=>"main"}
[2018-01-08T00:31:11,522][WARN ][logstash.runner          ] Received shutdown signal, but pipeline is still waiting for in-flight events
to be processed. Sending another ^C will force quit Logstash, but this may cause
data loss.
[2018-01-08T00:31:11,568][WARN ][logstash.shutdownwatcher ] {}
[2018-01-08T00:31:11,570][ERROR][logstash.shutdownwatcher ] The shutdown process appears to be stalled due to busy or blocked plugins. Check the logs for more information.
[2018-01-08T00:31:43,999][INFO ][logstash.inputs.beats    ] Beats inputs: Starting input listener {:address=>"0.0.0.0:5044"}
[2018-01-08T00:31:44,059][INFO ][org.logstash.beats.Server] Starting server on port: 5044
[2018-01-08T00:31:44,258][INFO ][logstash.outputs.elasticsearch] Elasticsearch pool URLs updated {:changes=>{:removed=>[], :added=>["http://localhost:9200"]}}
[2018-01-08T00:31:44,258][INFO ][logstash.outputs.elasticsearch] Running health check to see if an Elasticsearch connection is working {:url=>#<URI::HTTP:0x1b227a70 URL:http://localhost:9200>, :healthcheck_path=>"/"}
[2018-01-08T00:31:44,358][WARN ][logstash.outputs.elasticsearch] Restored connection to ES instance {:url=>#<URI::HTTP:0x1b227a70 URL:http://localhost:9200>}
[2018-01-08T00:31:44,360][INFO ][logstash.outputs.elasticsearch] New Elasticsearch output {:class=>"LogStash::Outputs::ElasticSearch", :hosts=>["localhost:9200"]}
[2018-01-08T00:31:44,363][INFO ][logstash.outputs.elasticsearch] Elasticsearch pool URLs updated {:changes=>{:removed=>[], :added=>["http://localhost:9200"]}}
[2018-01-08T00:31:44,364][INFO ][logstash.outputs.elasticsearch] Running health check to see if an Elasticsearch connection is working {:url=>#<URI::HTTP:0x1f3d2e88 URL:http://localhost:9200>, :healthcheck_path=>"/"}
[2018-01-08T00:31:44,381][WARN ][logstash.outputs.elasticsearch] Restored connection to ES instance {:url=>#<URI::HTTP:0x1f3d2e88 URL:http://localhost:9200>}
[2018-01-08T00:31:44,382][INFO ][logstash.outputs.elasticsearch] New Elasticsearch output {:class=>"LogStash::Outputs::ElasticSearch", :hosts=>["localhost:9200"]}
[2018-01-08T00:31:44,385][INFO ][logstash.outputs.elasticsearch] Elasticsearch pool URLs updated {:changes=>{:removed=>[], :added=>["http://localhost:9200"]}}
[2018-01-08T00:31:44,386][INFO ][logstash.outputs.elasticsearch] Running health check to see if an Elasticsearch connection is working {:url=>#<URI::HTTP:0x286f546c URL:http://localhost:9200>, :healthcheck_path=>"/"}
[2018-01-08T00:31:44,405][WARN ][logstash.outputs.elasticsearch] Restored connection to ES instance {:url=>#<URI::HTTP:0x286f546c URL:http://localhost:9200>}
[2018-01-08T00:31:44,406][INFO ][logstash.outputs.elasticsearch] New Elasticsearch output {:class=>"LogStash::Outputs::ElasticSearch", :hosts=>["localhost:9200"]}
[2018-01-08T00:31:44,409][INFO ][logstash.pipeline        ] Starting pipeline {"id"=>"main", "pipeline.workers"=>4, "pipeline.batch.size"=>125, "pipeline.batch.delay"=>5, "pipeline.max_inflight"=>500}
[2018-01-08T00:31:44,412][INFO ][logstash.pipeline        ] Pipeline main started
[2018-01-08T00:31:44,452][INFO ][logstash.agent           ] Successfully started Logstash API endpoint {:port=>9600}
[2018-01-08T00:33:09,490][WARN ][logstash.runner          ] SIGINT received. Shutting down the agent.
[2018-01-08T00:33:09,502][WARN ][logstash.agent           ] stopping pipeline {:id=>"main"}
[2018-01-08T00:33:14,500][WARN ][logstash.runner          ] Received shutdown signal, but pipeline is still waiting for in-flight events
to be processed. Sending another ^C will force quit Logstash, but this may cause
data loss.
[2018-01-08T00:33:14,553][WARN ][logstash.shutdownwatcher ] {}
[2018-01-08T00:33:14,555][ERROR][logstash.shutdownwatcher ] The shutdown process appears to be stalled due to busy or blocked plugins. Check the logs for more information.
[2018-01-08T00:34:43,167][ERROR][logstash.agent           ] fetched an invalid config {:config=>"input { \n  beats {\n    port => 5044\n  }\n}\n\noutput {\n        if True {\n                elasticsearch {\n                        hosts => \"localhost:9200\"\n                        manage_template => false\n                        index => \"tomcat-%{+YYYY.MM.dd}\"\n                        document_type => \"%{[@metadata][type]}\"\n                }\n        }\n        else if [beat][hostname] == \"ip-172-31-30-180\" {\n                elasticsearch {\n                        hosts => \"localhost:9200\"\n                        manage_template => false\n                        index => \"database-%{+YYYY.MM.dd}\"\n                        document_type => \"%{[@metadata][type]}\"\n                }\n        }\n        else {\n                elasticsearch {\n                        hosts => \"localhost:9200\"\n                        manage_template => false\n                        index => \"%{[@metadata][beat]}-%{+YYYY.MM.dd}\"\n                        document_type => \"%{[@metadata][type]}\"\n                }\n        }\n}\n\n", :reason=>"Expected one of #, ( at line 8, column 17 (byte 69) after output {\n        if True "}
[2018-01-08T00:35:11,994][ERROR][logstash.agent           ] fetched an invalid config {:config=>"input { \n  beats {\n    port => 5044\n  }\n}\n\noutput {\n        if True {\n                elasticsearch {\n                        hosts => \"localhost:9200\"\n                        manage_template => false\n                        index => \"tomcat-%{+YYYY.MM.dd}\"\n                        document_type => \"%{[@metadata][type]}\"\n                }\n        }\n        else if [beat][hostname] == \"ip-172-31-30-180\" {\n                elasticsearch {\n                        hosts => \"localhost:9200\"\n                        manage_template => false\n                        index => \"database-%{+YYYY.MM.dd}\"\n                        document_type => \"%{[@metadata][type]}\"\n                }\n        }\n        else {\n                elasticsearch {\n                        hosts => \"localhost:9200\"\n                        manage_template => false\n                        index => \"%{[@metadata][beat]}-%{+YYYY.MM.dd}\"\n                        document_type => \"%{[@metadata][type]}\"\n                }\n        }\n}\n\n", :reason=>"Expected one of #, ( at line 8, column 17 (byte 69) after output {\n        if True "}
[2018-01-08T00:36:27,767][ERROR][logstash.agent           ] fetched an invalid config {:config=>"input { \n  beats {\n    port => 5044\n  }\n}\n\noutput {\n        if true {\n                elasticsearch {\n                        hosts => \"localhost:9200\"\n                        manage_template => false\n                        index => \"tomcat-%{+YYYY.MM.dd}\"\n                        document_type => \"%{[@metadata][type]}\"\n                }\n        }\n        else if [beat][hostname] == \"ip-172-31-30-180\" {\n                elasticsearch {\n                        hosts => \"localhost:9200\"\n                        manage_template => false\n                        index => \"database-%{+YYYY.MM.dd}\"\n                        document_type => \"%{[@metadata][type]}\"\n                }\n        }\n        else {\n                elasticsearch {\n                        hosts => \"localhost:9200\"\n                        manage_template => false\n                        index => \"%{[@metadata][beat]}-%{+YYYY.MM.dd}\"\n                        document_type => \"%{[@metadata][type]}\"\n                }\n        }\n}\n\n", :reason=>"Expected one of #, ( at line 8, column 17 (byte 69) after output {\n        if true "}
[2018-01-08T00:36:55,477][INFO ][logstash.inputs.beats    ] Beats inputs: Starting input listener {:address=>"0.0.0.0:5044"}
[2018-01-08T00:36:55,559][INFO ][org.logstash.beats.Server] Starting server on port: 5044
[2018-01-08T00:36:55,903][INFO ][logstash.outputs.elasticsearch] Elasticsearch pool URLs updated {:changes=>{:removed=>[], :added=>["http://localhost:9200"]}}
[2018-01-08T00:36:55,903][INFO ][logstash.outputs.elasticsearch] Running health check to see if an Elasticsearch connection is working {:url=>#<URI::HTTP:0x3c8264a URL:http://localhost:9200>, :healthcheck_path=>"/"}
[2018-01-08T00:36:56,032][WARN ][logstash.outputs.elasticsearch] Restored connection to ES instance {:url=>#<URI::HTTP:0x3c8264a URL:http://localhost:9200>}
[2018-01-08T00:36:56,034][INFO ][logstash.outputs.elasticsearch] New Elasticsearch output {:class=>"LogStash::Outputs::ElasticSearch", :hosts=>["localhost:9200"]}
[2018-01-08T00:36:56,037][INFO ][logstash.outputs.elasticsearch] Elasticsearch pool URLs updated {:changes=>{:removed=>[], :added=>["http://localhost:9200"]}}
[2018-01-08T00:36:56,038][INFO ][logstash.outputs.elasticsearch] Running health check to see if an Elasticsearch connection is working {:url=>#<URI::HTTP:0x60c8098e URL:http://localhost:9200>, :healthcheck_path=>"/"}
[2018-01-08T00:36:56,043][WARN ][logstash.outputs.elasticsearch] Restored connection to ES instance {:url=>#<URI::HTTP:0x60c8098e URL:http://localhost:9200>}
[2018-01-08T00:36:56,044][INFO ][logstash.outputs.elasticsearch] New Elasticsearch output {:class=>"LogStash::Outputs::ElasticSearch", :hosts=>["localhost:9200"]}
[2018-01-08T00:36:56,049][INFO ][logstash.outputs.elasticsearch] Elasticsearch pool URLs updated {:changes=>{:removed=>[], :added=>["http://localhost:9200"]}}
[2018-01-08T00:36:56,049][INFO ][logstash.outputs.elasticsearch] Running health check to see if an Elasticsearch connection is working {:url=>#<URI::HTTP:0x5cbd6748 URL:http://localhost:9200>, :healthcheck_path=>"/"}
[2018-01-08T00:36:56,053][WARN ][logstash.outputs.elasticsearch] Restored connection to ES instance {:url=>#<URI::HTTP:0x5cbd6748 URL:http://localhost:9200>}
[2018-01-08T00:36:56,054][INFO ][logstash.outputs.elasticsearch] New Elasticsearch output {:class=>"LogStash::Outputs::ElasticSearch", :hosts=>["localhost:9200"]}
[2018-01-08T00:36:56,056][INFO ][logstash.pipeline        ] Starting pipeline {"id"=>"main", "pipeline.workers"=>4, "pipeline.batch.size"=>125, "pipeline.batch.delay"=>5, "pipeline.max_inflight"=>500}
[2018-01-08T00:36:56,060][INFO ][logstash.pipeline        ] Pipeline main started
[2018-01-08T00:36:56,150][INFO ][logstash.agent           ] Successfully started Logstash API endpoint {:port=>9600}
[2018-01-08T09:14:43,290][WARN ][logstash.runner          ] SIGINT received. Shutting down the agent.
[2018-01-08T09:14:43,310][WARN ][logstash.agent           ] stopping pipeline {:id=>"main"}
[2018-01-08T09:14:48,298][WARN ][logstash.runner          ] Received shutdown signal, but pipeline is still waiting for in-flight events
to be processed. Sending another ^C will force quit Logstash, but this may cause
data loss.
[2018-01-08T09:14:48,355][WARN ][logstash.shutdownwatcher ] {}
[2018-01-08T09:14:48,360][ERROR][logstash.shutdownwatcher ] The shutdown process appears to be stalled due to busy or blocked plugins. Check the logs for more information.
[2018-01-08T09:15:13,945][ERROR][logstash.agent           ] fetched an invalid config {:config=>"input { \n  beats {\n    port => 5044\n  }\n}\n\noutput {\n        if [beat]localhost[] == \"192.168.123.174\" {\n                elasticsearch {\n                        hosts => \"localhost:9200\"\n                        manage_template => false\n                        index => \"tomcat-%{+YYYY.MM.dd}\"\n                        document_type => \"%{[@metadata][type]}\"\n                }\n        }\n        else if [beat][hostname] == \"ip-172-31-30-180\" {\n                elasticsearch {\n                        hosts => \"localhost:9200\"\n                        manage_template => false\n                        index => \"database-%{+YYYY.MM.dd}\"\n                        document_type => \"%{[@metadata][type]}\"\n                }\n        }\n        else {\n                elasticsearch {\n                        hosts => \"localhost:9200\"\n                        manage_template => false\n                        index => \"%{[@metadata][beat]}-%{+YYYY.MM.dd}\"\n                        document_type => \"%{[@metadata][type]}\"\n                }\n        }\n}\n\n", :reason=>"Expected one of [, #, in, not , ==, !=, <=, >=, <, >, =~, !~, and, or, xor, nand, { at line 8, column 18 (byte 70) after output {\n        if [beat]"}
[2018-01-08T09:16:03,313][INFO ][logstash.inputs.beats    ] Beats inputs: Starting input listener {:address=>"0.0.0.0:5044"}
[2018-01-08T09:16:03,365][INFO ][org.logstash.beats.Server] Starting server on port: 5044
[2018-01-08T09:16:03,638][INFO ][logstash.outputs.elasticsearch] Elasticsearch pool URLs updated {:changes=>{:removed=>[], :added=>["http://localhost:9200"]}}
[2018-01-08T09:16:03,639][INFO ][logstash.outputs.elasticsearch] Running health check to see if an Elasticsearch connection is working {:url=>#<URI::HTTP:0x2758cfd URL:http://localhost:9200>, :healthcheck_path=>"/"}
[2018-01-08T09:16:03,743][WARN ][logstash.outputs.elasticsearch] Restored connection to ES instance {:url=>#<URI::HTTP:0x2758cfd URL:http://localhost:9200>}
[2018-01-08T09:16:03,744][INFO ][logstash.outputs.elasticsearch] New Elasticsearch output {:class=>"LogStash::Outputs::ElasticSearch", :hosts=>["localhost:9200"]}
[2018-01-08T09:16:03,749][INFO ][logstash.outputs.elasticsearch] Elasticsearch pool URLs updated {:changes=>{:removed=>[], :added=>["http://localhost:9200"]}}
[2018-01-08T09:16:03,749][INFO ][logstash.outputs.elasticsearch] Running health check to see if an Elasticsearch connection is working {:url=>#<URI::HTTP:0x304a9444 URL:http://localhost:9200>, :healthcheck_path=>"/"}
[2018-01-08T09:16:03,769][WARN ][logstash.outputs.elasticsearch] Restored connection to ES instance {:url=>#<URI::HTTP:0x304a9444 URL:http://localhost:9200>}
[2018-01-08T09:16:03,771][INFO ][logstash.outputs.elasticsearch] New Elasticsearch output {:class=>"LogStash::Outputs::ElasticSearch", :hosts=>["localhost:9200"]}
[2018-01-08T09:16:03,775][INFO ][logstash.outputs.elasticsearch] Elasticsearch pool URLs updated {:changes=>{:removed=>[], :added=>["http://localhost:9200"]}}
[2018-01-08T09:16:03,775][INFO ][logstash.outputs.elasticsearch] Running health check to see if an Elasticsearch connection is working {:url=>#<URI::HTTP:0x3beac54b URL:http://localhost:9200>, :healthcheck_path=>"/"}
[2018-01-08T09:16:03,793][WARN ][logstash.outputs.elasticsearch] Restored connection to ES instance {:url=>#<URI::HTTP:0x3beac54b URL:http://localhost:9200>}
[2018-01-08T09:16:03,795][INFO ][logstash.outputs.elasticsearch] New Elasticsearch output {:class=>"LogStash::Outputs::ElasticSearch", :hosts=>["localhost:9200"]}
[2018-01-08T09:16:03,797][INFO ][logstash.pipeline        ] Starting pipeline {"id"=>"main", "pipeline.workers"=>4, "pipeline.batch.size"=>125, "pipeline.batch.delay"=>5, "pipeline.max_inflight"=>500}
[2018-01-08T09:16:03,800][INFO ][logstash.pipeline        ] Pipeline main started
[2018-01-08T09:16:03,862][INFO ][logstash.agent           ] Successfully started Logstash API endpoint {:port=>9600}
[2018-01-08T09:18:21,512][WARN ][logstash.runner          ] SIGINT received. Shutting down the agent.
[2018-01-08T09:18:21,522][WARN ][logstash.agent           ] stopping pipeline {:id=>"main"}
[2018-01-08T09:18:26,517][WARN ][logstash.runner          ] Received shutdown signal, but pipeline is still waiting for in-flight events
to be processed. Sending another ^C will force quit Logstash, but this may cause
data loss.
[2018-01-08T09:18:26,568][WARN ][logstash.shutdownwatcher ] {}
[2018-01-08T09:18:26,569][ERROR][logstash.shutdownwatcher ] The shutdown process appears to be stalled due to busy or blocked plugins. Check the logs for more information.
[2018-01-08T09:19:20,646][INFO ][logstash.inputs.beats    ] Beats inputs: Starting input listener {:address=>"0.0.0.0:5044"}
[2018-01-08T09:19:20,696][INFO ][org.logstash.beats.Server] Starting server on port: 5044
[2018-01-08T09:19:20,923][INFO ][logstash.outputs.elasticsearch] Elasticsearch pool URLs updated {:changes=>{:removed=>[], :added=>["http://localhost:9200"]}}
[2018-01-08T09:19:20,924][INFO ][logstash.outputs.elasticsearch] Running health check to see if an Elasticsearch connection is working {:url=>#<URI::HTTP:0x14017790 URL:http://localhost:9200>, :healthcheck_path=>"/"}
[2018-01-08T09:19:21,024][WARN ][logstash.outputs.elasticsearch] Restored connection to ES instance {:url=>#<URI::HTTP:0x14017790 URL:http://localhost:9200>}
[2018-01-08T09:19:21,026][INFO ][logstash.outputs.elasticsearch] New Elasticsearch output {:class=>"LogStash::Outputs::ElasticSearch", :hosts=>["localhost:9200"]}
[2018-01-08T09:19:21,029][INFO ][logstash.outputs.elasticsearch] Elasticsearch pool URLs updated {:changes=>{:removed=>[], :added=>["http://localhost:9200"]}}
[2018-01-08T09:19:21,030][INFO ][logstash.outputs.elasticsearch] Running health check to see if an Elasticsearch connection is working {:url=>#<URI::HTTP:0x664f8621 URL:http://localhost:9200>, :healthcheck_path=>"/"}
[2018-01-08T09:19:21,047][WARN ][logstash.outputs.elasticsearch] Restored connection to ES instance {:url=>#<URI::HTTP:0x664f8621 URL:http://localhost:9200>}
[2018-01-08T09:19:21,049][INFO ][logstash.outputs.elasticsearch] New Elasticsearch output {:class=>"LogStash::Outputs::ElasticSearch", :hosts=>["localhost:9200"]}
[2018-01-08T09:19:21,053][INFO ][logstash.outputs.elasticsearch] Elasticsearch pool URLs updated {:changes=>{:removed=>[], :added=>["http://localhost:9200"]}}
[2018-01-08T09:19:21,053][INFO ][logstash.outputs.elasticsearch] Running health check to see if an Elasticsearch connection is working {:url=>#<URI::HTTP:0x4ee935e URL:http://localhost:9200>, :healthcheck_path=>"/"}
[2018-01-08T09:19:21,073][WARN ][logstash.outputs.elasticsearch] Restored connection to ES instance {:url=>#<URI::HTTP:0x4ee935e URL:http://localhost:9200>}
[2018-01-08T09:19:21,074][INFO ][logstash.outputs.elasticsearch] New Elasticsearch output {:class=>"LogStash::Outputs::ElasticSearch", :hosts=>["localhost:9200"]}
[2018-01-08T09:19:21,076][INFO ][logstash.pipeline        ] Starting pipeline {"id"=>"main", "pipeline.workers"=>4, "pipeline.batch.size"=>125, "pipeline.batch.delay"=>5, "pipeline.max_inflight"=>500}
[2018-01-08T09:19:21,078][INFO ][logstash.pipeline        ] Pipeline main started
[2018-01-08T09:19:21,112][INFO ][logstash.agent           ] Successfully started Logstash API endpoint {:port=>9600}
[2018-01-08T09:22:09,189][WARN ][logstash.runner          ] SIGINT received. Shutting down the agent.
[2018-01-08T09:22:09,201][WARN ][logstash.agent           ] stopping pipeline {:id=>"main"}
[2018-01-08T09:22:14,198][WARN ][logstash.runner          ] Received shutdown signal, but pipeline is still waiting for in-flight events
to be processed. Sending another ^C will force quit Logstash, but this may cause
data loss.
[2018-01-08T09:22:14,249][WARN ][logstash.shutdownwatcher ] {}
[2018-01-08T09:22:14,250][ERROR][logstash.shutdownwatcher ] The shutdown process appears to be stalled due to busy or blocked plugins. Check the logs for more information.
[2018-01-08T09:23:44,169][INFO ][logstash.inputs.beats    ] Beats inputs: Starting input listener {:address=>"0.0.0.0:5044"}
[2018-01-08T09:23:44,237][INFO ][org.logstash.beats.Server] Starting server on port: 5044
[2018-01-08T09:23:44,459][INFO ][logstash.outputs.elasticsearch] Elasticsearch pool URLs updated {:changes=>{:removed=>[], :added=>["http://localhost:9200"]}}
[2018-01-08T09:23:44,460][INFO ][logstash.outputs.elasticsearch] Running health check to see if an Elasticsearch connection is working {:url=>#<URI::HTTP:0x6e7d993c URL:http://localhost:9200>, :healthcheck_path=>"/"}
[2018-01-08T09:23:44,535][WARN ][logstash.outputs.elasticsearch] Attempted to resurrect connection to dead ES instance, but got an error. {:url=>#<URI::HTTP:0x6e7d993c URL:http://localhost:9200>, :error_type=>LogStash::Outputs::ElasticSearch::HttpClient::Pool::HostUnreachableError, :error=>"Elasticsearch Unreachable: [http://localhost:9200][Manticore::SocketException] Connection refused (Connection refused)"}
[2018-01-08T09:23:44,537][INFO ][logstash.outputs.elasticsearch] New Elasticsearch output {:class=>"LogStash::Outputs::ElasticSearch", :hosts=>["localhost:9200"]}
[2018-01-08T09:23:44,540][INFO ][logstash.outputs.elasticsearch] Elasticsearch pool URLs updated {:changes=>{:removed=>[], :added=>["http://localhost:9200"]}}
[2018-01-08T09:23:44,541][INFO ][logstash.outputs.elasticsearch] Running health check to see if an Elasticsearch connection is working {:url=>#<URI::HTTP:0x56b695ec URL:http://localhost:9200>, :healthcheck_path=>"/"}
[2018-01-08T09:23:44,545][WARN ][logstash.outputs.elasticsearch] Attempted to resurrect connection to dead ES instance, but got an error. {:url=>#<URI::HTTP:0x56b695ec URL:http://localhost:9200>, :error_type=>LogStash::Outputs::ElasticSearch::HttpClient::Pool::HostUnreachableError, :error=>"Elasticsearch Unreachable: [http://localhost:9200][Manticore::SocketException] Connection refused (Connection refused)"}
[2018-01-08T09:23:44,546][INFO ][logstash.outputs.elasticsearch] New Elasticsearch output {:class=>"LogStash::Outputs::ElasticSearch", :hosts=>["localhost:9200"]}
[2018-01-08T09:23:44,549][INFO ][logstash.outputs.elasticsearch] Elasticsearch pool URLs updated {:changes=>{:removed=>[], :added=>["http://localhost:9200"]}}
[2018-01-08T09:23:44,550][INFO ][logstash.outputs.elasticsearch] Running health check to see if an Elasticsearch connection is working {:url=>#<URI::HTTP:0x157ed129 URL:http://localhost:9200>, :healthcheck_path=>"/"}
[2018-01-08T09:23:44,553][WARN ][logstash.outputs.elasticsearch] Attempted to resurrect connection to dead ES instance, but got an error. {:url=>#<URI::HTTP:0x157ed129 URL:http://localhost:9200>, :error_type=>LogStash::Outputs::ElasticSearch::HttpClient::Pool::HostUnreachableError, :error=>"Elasticsearch Unreachable: [http://localhost:9200][Manticore::SocketException] Connection refused (Connection refused)"}
[2018-01-08T09:23:44,554][INFO ][logstash.outputs.elasticsearch] New Elasticsearch output {:class=>"LogStash::Outputs::ElasticSearch", :hosts=>["localhost:9200"]}
[2018-01-08T09:23:44,556][INFO ][logstash.pipeline        ] Starting pipeline {"id"=>"main", "pipeline.workers"=>4, "pipeline.batch.size"=>125, "pipeline.batch.delay"=>5, "pipeline.max_inflight"=>500}
[2018-01-08T09:23:44,558][INFO ][logstash.pipeline        ] Pipeline main started
[2018-01-08T09:23:44,603][INFO ][logstash.agent           ] Successfully started Logstash API endpoint {:port=>9600}
[2018-01-08T09:23:49,545][INFO ][logstash.outputs.elasticsearch] Running health check to see if an Elasticsearch connection is working {:url=>#<URI::HTTP:0x9db3dc2 URL:http://localhost:9200>, :healthcheck_path=>"/"}
[2018-01-08T09:23:49,552][INFO ][logstash.outputs.elasticsearch] Running health check to see if an Elasticsearch connection is working {:url=>#<URI::HTTP:0x1710901c URL:http://localhost:9200>, :healthcheck_path=>"/"}
[2018-01-08T09:23:49,564][INFO ][logstash.outputs.elasticsearch] Running health check to see if an Elasticsearch connection is working {:url=>#<URI::HTTP:0x5f1d63be URL:http://localhost:9200>, :healthcheck_path=>"/"}
[2018-01-08T09:23:49,607][WARN ][logstash.outputs.elasticsearch] Restored connection to ES instance {:url=>#<URI::HTTP:0x9db3dc2 URL:http://localhost:9200>}
[2018-01-08T09:23:49,672][WARN ][logstash.outputs.elasticsearch] Restored connection to ES instance {:url=>#<URI::HTTP:0x5f1d63be URL:http://localhost:9200>}
[2018-01-08T09:23:49,688][WARN ][logstash.outputs.elasticsearch] Restored connection to ES instance {:url=>#<URI::HTTP:0x1710901c URL:http://localhost:9200>}
[2018-01-08T09:35:38,181][WARN ][logstash.runner          ] SIGINT received. Shutting down the agent.
[2018-01-08T09:35:38,195][WARN ][logstash.agent           ] stopping pipeline {:id=>"main"}
[2018-01-08T09:35:43,194][WARN ][logstash.runner          ] Received shutdown signal, but pipeline is still waiting for in-flight events
to be processed. Sending another ^C will force quit Logstash, but this may cause
data loss.
[2018-01-08T09:35:43,244][WARN ][logstash.shutdownwatcher ] {}
[2018-01-08T09:35:43,246][ERROR][logstash.shutdownwatcher ] The shutdown process appears to be stalled due to busy or blocked plugins. Check the logs for more information.
[2018-01-08T09:37:05,638][INFO ][logstash.inputs.beats    ] Beats inputs: Starting input listener {:address=>"0.0.0.0:5044"}
[2018-01-08T09:37:05,692][INFO ][org.logstash.beats.Server] Starting server on port: 5044
[2018-01-08T09:37:05,936][INFO ][logstash.outputs.elasticsearch] Elasticsearch pool URLs updated {:changes=>{:removed=>[], :added=>["http://localhost:9200"]}}
[2018-01-08T09:37:05,937][INFO ][logstash.outputs.elasticsearch] Running health check to see if an Elasticsearch connection is working {:url=>#<URI::HTTP:0x261a0160 URL:http://localhost:9200>, :healthcheck_path=>"/"}
[2018-01-08T09:37:06,024][WARN ][logstash.outputs.elasticsearch] Restored connection to ES instance {:url=>#<URI::HTTP:0x261a0160 URL:http://localhost:9200>}
[2018-01-08T09:37:06,025][INFO ][logstash.outputs.elasticsearch] New Elasticsearch output {:class=>"LogStash::Outputs::ElasticSearch", :hosts=>["localhost:9200"]}
[2018-01-08T09:37:06,028][INFO ][logstash.outputs.elasticsearch] Elasticsearch pool URLs updated {:changes=>{:removed=>[], :added=>["http://localhost:9200"]}}
[2018-01-08T09:37:06,029][INFO ][logstash.outputs.elasticsearch] Running health check to see if an Elasticsearch connection is working {:url=>#<URI::HTTP:0x204d0d43 URL:http://localhost:9200>, :healthcheck_path=>"/"}
[2018-01-08T09:37:06,032][WARN ][logstash.outputs.elasticsearch] Restored connection to ES instance {:url=>#<URI::HTTP:0x204d0d43 URL:http://localhost:9200>}
[2018-01-08T09:37:06,034][INFO ][logstash.outputs.elasticsearch] New Elasticsearch output {:class=>"LogStash::Outputs::ElasticSearch", :hosts=>["localhost:9200"]}
[2018-01-08T09:37:06,037][INFO ][logstash.outputs.elasticsearch] Elasticsearch pool URLs updated {:changes=>{:removed=>[], :added=>["http://localhost:9200"]}}
[2018-01-08T09:37:06,038][INFO ][logstash.outputs.elasticsearch] Running health check to see if an Elasticsearch connection is working {:url=>#<URI::HTTP:0x47c5247a URL:http://localhost:9200>, :healthcheck_path=>"/"}
[2018-01-08T09:37:06,042][WARN ][logstash.outputs.elasticsearch] Restored connection to ES instance {:url=>#<URI::HTTP:0x47c5247a URL:http://localhost:9200>}
[2018-01-08T09:37:06,043][INFO ][logstash.outputs.elasticsearch] New Elasticsearch output {:class=>"LogStash::Outputs::ElasticSearch", :hosts=>["localhost:9200"]}
[2018-01-08T09:37:06,044][INFO ][logstash.pipeline        ] Starting pipeline {"id"=>"main", "pipeline.workers"=>4, "pipeline.batch.size"=>125, "pipeline.batch.delay"=>5, "pipeline.max_inflight"=>500}
[2018-01-08T09:37:06,048][INFO ][logstash.pipeline        ] Pipeline main started
[2018-01-08T09:37:06,084][INFO ][logstash.agent           ] Successfully started Logstash API endpoint {:port=>9600}
[2018-01-08T09:40:29,583][WARN ][logstash.runner          ] SIGINT received. Shutting down the agent.
[2018-01-08T09:40:29,594][WARN ][logstash.agent           ] stopping pipeline {:id=>"main"}
[2018-01-08T09:40:34,591][WARN ][logstash.runner          ] Received shutdown signal, but pipeline is still waiting for in-flight events
to be processed. Sending another ^C will force quit Logstash, but this may cause
data loss.
[2018-01-08T09:40:34,633][WARN ][logstash.shutdownwatcher ] {}
[2018-01-08T09:40:34,634][ERROR][logstash.shutdownwatcher ] The shutdown process appears to be stalled due to busy or blocked plugins. Check the logs for more information.
[2018-01-08T09:41:37,879][INFO ][logstash.inputs.beats    ] Beats inputs: Starting input listener {:address=>"0.0.0.0:5044"}
[2018-01-08T09:41:37,929][INFO ][org.logstash.beats.Server] Starting server on port: 5044
[2018-01-08T09:41:38,140][INFO ][logstash.outputs.elasticsearch] Elasticsearch pool URLs updated {:changes=>{:removed=>[], :added=>["http://localhost:9200"]}}
[2018-01-08T09:41:38,141][INFO ][logstash.outputs.elasticsearch] Running health check to see if an Elasticsearch connection is working {:url=>#<URI::HTTP:0x7929e0b7 URL:http://localhost:9200>, :healthcheck_path=>"/"}
[2018-01-08T09:41:38,259][WARN ][logstash.outputs.elasticsearch] Restored connection to ES instance {:url=>#<URI::HTTP:0x7929e0b7 URL:http://localhost:9200>}
[2018-01-08T09:41:38,262][INFO ][logstash.outputs.elasticsearch] New Elasticsearch output {:class=>"LogStash::Outputs::ElasticSearch", :hosts=>["localhost:9200"]}
[2018-01-08T09:41:38,266][INFO ][logstash.outputs.elasticsearch] Elasticsearch pool URLs updated {:changes=>{:removed=>[], :added=>["http://localhost:9200"]}}
[2018-01-08T09:41:38,267][INFO ][logstash.outputs.elasticsearch] Running health check to see if an Elasticsearch connection is working {:url=>#<URI::HTTP:0x517065d0 URL:http://localhost:9200>, :healthcheck_path=>"/"}
[2018-01-08T09:41:38,273][WARN ][logstash.outputs.elasticsearch] Restored connection to ES instance {:url=>#<URI::HTTP:0x517065d0 URL:http://localhost:9200>}
[2018-01-08T09:41:38,275][INFO ][logstash.outputs.elasticsearch] New Elasticsearch output {:class=>"LogStash::Outputs::ElasticSearch", :hosts=>["localhost:9200"]}
[2018-01-08T09:41:38,281][INFO ][logstash.outputs.elasticsearch] Elasticsearch pool URLs updated {:changes=>{:removed=>[], :added=>["http://localhost:9200"]}}
[2018-01-08T09:41:38,282][INFO ][logstash.outputs.elasticsearch] Running health check to see if an Elasticsearch connection is working {:url=>#<URI::HTTP:0x44b2349f URL:http://localhost:9200>, :healthcheck_path=>"/"}
[2018-01-08T09:41:38,297][WARN ][logstash.outputs.elasticsearch] Restored connection to ES instance {:url=>#<URI::HTTP:0x44b2349f URL:http://localhost:9200>}
[2018-01-08T09:41:38,305][INFO ][logstash.outputs.elasticsearch] New Elasticsearch output {:class=>"LogStash::Outputs::ElasticSearch", :hosts=>["localhost:9200"]}
[2018-01-08T09:41:38,306][INFO ][logstash.pipeline        ] Starting pipeline {"id"=>"main", "pipeline.workers"=>4, "pipeline.batch.size"=>125, "pipeline.batch.delay"=>5, "pipeline.max_inflight"=>500}
[2018-01-08T09:41:38,311][INFO ][logstash.pipeline        ] Pipeline main started
[2018-01-08T09:41:38,356][INFO ][logstash.agent           ] Successfully started Logstash API endpoint {:port=>9600}
[2018-01-08T09:42:38,732][WARN ][logstash.runner          ] SIGINT received. Shutting down the agent.
[2018-01-08T09:42:38,751][WARN ][logstash.agent           ] stopping pipeline {:id=>"main"}
[2018-01-08T09:42:43,741][WARN ][logstash.runner          ] Received shutdown signal, but pipeline is still waiting for in-flight events
to be processed. Sending another ^C will force quit Logstash, but this may cause
data loss.
[2018-01-08T09:42:43,792][WARN ][logstash.shutdownwatcher ] {}
[2018-01-08T09:42:43,794][ERROR][logstash.shutdownwatcher ] The shutdown process appears to be stalled due to busy or blocked plugins. Check the logs for more information.
[2018-01-08T09:43:16,742][INFO ][logstash.inputs.beats    ] Beats inputs: Starting input listener {:address=>"0.0.0.0:5044"}
[2018-01-08T09:43:16,835][INFO ][org.logstash.beats.Server] Starting server on port: 5044
[2018-01-08T09:43:17,162][INFO ][logstash.outputs.elasticsearch] Elasticsearch pool URLs updated {:changes=>{:removed=>[], :added=>["http://localhost:9200"]}}
[2018-01-08T09:43:17,163][INFO ][logstash.outputs.elasticsearch] Running health check to see if an Elasticsearch connection is working {:url=>#<URI::HTTP:0x3be96e6e URL:http://localhost:9200>, :healthcheck_path=>"/"}
[2018-01-08T09:43:17,274][WARN ][logstash.outputs.elasticsearch] Restored connection to ES instance {:url=>#<URI::HTTP:0x3be96e6e URL:http://localhost:9200>}
[2018-01-08T09:43:17,275][INFO ][logstash.outputs.elasticsearch] New Elasticsearch output {:class=>"LogStash::Outputs::ElasticSearch", :hosts=>["localhost:9200"]}
[2018-01-08T09:43:17,279][INFO ][logstash.outputs.elasticsearch] Elasticsearch pool URLs updated {:changes=>{:removed=>[], :added=>["http://localhost:9200"]}}
[2018-01-08T09:43:17,280][INFO ][logstash.outputs.elasticsearch] Running health check to see if an Elasticsearch connection is working {:url=>#<URI::HTTP:0x3fe2cae2 URL:http://localhost:9200>, :healthcheck_path=>"/"}
[2018-01-08T09:43:17,298][WARN ][logstash.outputs.elasticsearch] Restored connection to ES instance {:url=>#<URI::HTTP:0x3fe2cae2 URL:http://localhost:9200>}
[2018-01-08T09:43:17,299][INFO ][logstash.outputs.elasticsearch] New Elasticsearch output {:class=>"LogStash::Outputs::ElasticSearch", :hosts=>["localhost:9200"]}
[2018-01-08T09:43:17,303][INFO ][logstash.outputs.elasticsearch] Elasticsearch pool URLs updated {:changes=>{:removed=>[], :added=>["http://localhost:9200"]}}
[2018-01-08T09:43:17,304][INFO ][logstash.outputs.elasticsearch] Running health check to see if an Elasticsearch connection is working {:url=>#<URI::HTTP:0x458a5e17 URL:http://localhost:9200>, :healthcheck_path=>"/"}
[2018-01-08T09:43:17,370][WARN ][logstash.outputs.elasticsearch] Restored connection to ES instance {:url=>#<URI::HTTP:0x458a5e17 URL:http://localhost:9200>}
[2018-01-08T09:43:17,376][INFO ][logstash.outputs.elasticsearch] New Elasticsearch output {:class=>"LogStash::Outputs::ElasticSearch", :hosts=>["localhost:9200"]}
[2018-01-08T09:43:17,378][INFO ][logstash.pipeline        ] Starting pipeline {"id"=>"main", "pipeline.workers"=>4, "pipeline.batch.size"=>125, "pipeline.batch.delay"=>5, "pipeline.max_inflight"=>500}
[2018-01-08T09:43:17,380][INFO ][logstash.pipeline        ] Pipeline main started
[2018-01-08T09:43:17,477][INFO ][logstash.agent           ] Successfully started Logstash API endpoint {:port=>9600}
[2018-01-08T09:44:56,772][WARN ][logstash.runner          ] SIGINT received. Shutting down the agent.
[2018-01-08T09:44:56,785][WARN ][logstash.agent           ] stopping pipeline {:id=>"main"}
[2018-01-08T09:45:01,781][WARN ][logstash.runner          ] Received shutdown signal, but pipeline is still waiting for in-flight events
to be processed. Sending another ^C will force quit Logstash, but this may cause
data loss.
[2018-01-08T09:45:01,830][WARN ][logstash.shutdownwatcher ] {}
[2018-01-08T09:45:01,833][ERROR][logstash.shutdownwatcher ] The shutdown process appears to be stalled due to busy or blocked plugins. Check the logs for more information.
[2018-01-08T09:45:14,243][INFO ][logstash.inputs.beats    ] Beats inputs: Starting input listener {:address=>"0.0.0.0:5044"}
[2018-01-08T09:45:14,317][INFO ][org.logstash.beats.Server] Starting server on port: 5044
[2018-01-08T09:45:14,564][INFO ][logstash.outputs.elasticsearch] Elasticsearch pool URLs updated {:changes=>{:removed=>[], :added=>["http://localhost:9200"]}}
[2018-01-08T09:45:14,565][INFO ][logstash.outputs.elasticsearch] Running health check to see if an Elasticsearch connection is working {:url=>#<URI::HTTP:0x6218910e URL:http://localhost:9200>, :healthcheck_path=>"/"}
[2018-01-08T09:45:14,675][WARN ][logstash.outputs.elasticsearch] Restored connection to ES instance {:url=>#<URI::HTTP:0x6218910e URL:http://localhost:9200>}
[2018-01-08T09:45:14,676][INFO ][logstash.outputs.elasticsearch] New Elasticsearch output {:class=>"LogStash::Outputs::ElasticSearch", :hosts=>["localhost:9200"]}
[2018-01-08T09:45:14,680][INFO ][logstash.outputs.elasticsearch] Elasticsearch pool URLs updated {:changes=>{:removed=>[], :added=>["http://localhost:9200"]}}
[2018-01-08T09:45:14,680][INFO ][logstash.outputs.elasticsearch] Running health check to see if an Elasticsearch connection is working {:url=>#<URI::HTTP:0x30b36070 URL:http://localhost:9200>, :healthcheck_path=>"/"}
[2018-01-08T09:45:14,684][WARN ][logstash.outputs.elasticsearch] Restored connection to ES instance {:url=>#<URI::HTTP:0x30b36070 URL:http://localhost:9200>}
[2018-01-08T09:45:14,686][INFO ][logstash.outputs.elasticsearch] New Elasticsearch output {:class=>"LogStash::Outputs::ElasticSearch", :hosts=>["localhost:9200"]}
[2018-01-08T09:45:14,690][INFO ][logstash.outputs.elasticsearch] Elasticsearch pool URLs updated {:changes=>{:removed=>[], :added=>["http://localhost:9200"]}}
[2018-01-08T09:45:14,690][INFO ][logstash.outputs.elasticsearch] Running health check to see if an Elasticsearch connection is working {:url=>#<URI::HTTP:0x228a116c URL:http://localhost:9200>, :healthcheck_path=>"/"}
[2018-01-08T09:45:14,694][WARN ][logstash.outputs.elasticsearch] Restored connection to ES instance {:url=>#<URI::HTTP:0x228a116c URL:http://localhost:9200>}
[2018-01-08T09:45:14,696][INFO ][logstash.outputs.elasticsearch] New Elasticsearch output {:class=>"LogStash::Outputs::ElasticSearch", :hosts=>["localhost:9200"]}
[2018-01-08T09:45:14,697][INFO ][logstash.pipeline        ] Starting pipeline {"id"=>"main", "pipeline.workers"=>4, "pipeline.batch.size"=>125, "pipeline.batch.delay"=>5, "pipeline.max_inflight"=>500}
[2018-01-08T09:45:14,700][INFO ][logstash.pipeline        ] Pipeline main started
[2018-01-08T09:45:14,752][INFO ][logstash.agent           ] Successfully started Logstash API endpoint {:port=>9600}
[2018-01-08T09:47:49,148][WARN ][logstash.runner          ] SIGINT received. Shutting down the agent.
[2018-01-08T09:47:49,157][WARN ][logstash.agent           ] stopping pipeline {:id=>"main"}
[2018-01-08T09:47:54,156][WARN ][logstash.runner          ] Received shutdown signal, but pipeline is still waiting for in-flight events
to be processed. Sending another ^C will force quit Logstash, but this may cause
data loss.
[2018-01-08T09:47:54,199][WARN ][logstash.shutdownwatcher ] {}
[2018-01-08T09:47:54,201][ERROR][logstash.shutdownwatcher ] The shutdown process appears to be stalled due to busy or blocked plugins. Check the logs for more information.
[2018-01-08T09:51:08,258][INFO ][logstash.inputs.beats    ] Beats inputs: Starting input listener {:address=>"0.0.0.0:5044"}
[2018-01-08T09:51:08,362][INFO ][org.logstash.beats.Server] Starting server on port: 5044
[2018-01-08T09:51:08,877][INFO ][logstash.outputs.elasticsearch] Elasticsearch pool URLs updated {:changes=>{:removed=>[], :added=>["http://localhost:9200"]}}
[2018-01-08T09:51:08,878][INFO ][logstash.outputs.elasticsearch] Running health check to see if an Elasticsearch connection is working {:url=>#<URI::HTTP:0x4bf0f461 URL:http://localhost:9200>, :healthcheck_path=>"/"}
[2018-01-08T09:51:09,053][WARN ][logstash.outputs.elasticsearch] Attempted to resurrect connection to dead ES instance, but got an error. {:url=>#<URI::HTTP:0x4bf0f461 URL:http://localhost:9200>, :error_type=>LogStash::Outputs::ElasticSearch::HttpClient::Pool::HostUnreachableError, :error=>"Elasticsearch Unreachable: [http://localhost:9200][Manticore::SocketException] Connection refused (Connection refused)"}
[2018-01-08T09:51:09,089][INFO ][logstash.outputs.elasticsearch] New Elasticsearch output {:class=>"LogStash::Outputs::ElasticSearch", :hosts=>["localhost:9200"]}
[2018-01-08T09:51:09,095][INFO ][logstash.outputs.elasticsearch] Elasticsearch pool URLs updated {:changes=>{:removed=>[], :added=>["http://localhost:9200"]}}
[2018-01-08T09:51:09,097][INFO ][logstash.outputs.elasticsearch] Running health check to see if an Elasticsearch connection is working {:url=>#<URI::HTTP:0x67cc1cd6 URL:http://localhost:9200>, :healthcheck_path=>"/"}
[2018-01-08T09:51:09,102][WARN ][logstash.outputs.elasticsearch] Attempted to resurrect connection to dead ES instance, but got an error. {:url=>#<URI::HTTP:0x67cc1cd6 URL:http://localhost:9200>, :error_type=>LogStash::Outputs::ElasticSearch::HttpClient::Pool::HostUnreachableError, :error=>"Elasticsearch Unreachable: [http://localhost:9200][Manticore::SocketException] Connection refused (Connection refused)"}
[2018-01-08T09:51:09,113][INFO ][logstash.outputs.elasticsearch] New Elasticsearch output {:class=>"LogStash::Outputs::ElasticSearch", :hosts=>["localhost:9200"]}
[2018-01-08T09:51:09,145][INFO ][logstash.outputs.elasticsearch] Elasticsearch pool URLs updated {:changes=>{:removed=>[], :added=>["http://localhost:9200"]}}
[2018-01-08T09:51:09,146][INFO ][logstash.outputs.elasticsearch] Running health check to see if an Elasticsearch connection is working {:url=>#<URI::HTTP:0x57823970 URL:http://localhost:9200>, :healthcheck_path=>"/"}
[2018-01-08T09:51:09,153][WARN ][logstash.outputs.elasticsearch] Attempted to resurrect connection to dead ES instance, but got an error. {:url=>#<URI::HTTP:0x57823970 URL:http://localhost:9200>, :error_type=>LogStash::Outputs::ElasticSearch::HttpClient::Pool::HostUnreachableError, :error=>"Elasticsearch Unreachable: [http://localhost:9200][Manticore::SocketException] Connection refused (Connection refused)"}
[2018-01-08T09:51:09,169][INFO ][logstash.outputs.elasticsearch] New Elasticsearch output {:class=>"LogStash::Outputs::ElasticSearch", :hosts=>["localhost:9200"]}
[2018-01-08T09:51:09,172][INFO ][logstash.pipeline        ] Starting pipeline {"id"=>"main", "pipeline.workers"=>4, "pipeline.batch.size"=>125, "pipeline.batch.delay"=>5, "pipeline.max_inflight"=>500}
[2018-01-08T09:51:09,226][INFO ][logstash.pipeline        ] Pipeline main started
[2018-01-08T09:51:09,342][FATAL][logstash.runner          ] An unexpected error occurred! {:error=>#<Errno::EADDRNOTAVAIL: Can't assign requested address - bind - Can't assign requested address>, :backtrace=>["org/jruby/ext/socket/RubyTCPServer.java:118:in `initialize'", "org/jruby/RubyIO.java:871:in `new'", "/Users/minjung/logstash-5.1.1/vendor/bundle/jruby/1.9/gems/puma-2.16.0-java/lib/puma/binder.rb:234:in `add_tcp_listener'", "(eval):2:in `add_tcp_listener'", "/Users/minjung/logstash-5.1.1/logstash-core/lib/logstash/webserver.rb:88:in `start_webserver'", "/Users/minjung/logstash-5.1.1/logstash-core/lib/logstash/webserver.rb:44:in `run'", "org/jruby/RubyRange.java:479:in `each'", "org/jruby/RubyEnumerable.java:974:in `each_with_index'", "/Users/minjung/logstash-5.1.1/logstash-core/lib/logstash/webserver.rb:39:in `run'", "/Users/minjung/logstash-5.1.1/logstash-core/lib/logstash/agent.rb:191:in `start_webserver'"]}
[2018-01-08T09:51:51,773][INFO ][logstash.inputs.beats    ] Beats inputs: Starting input listener {:address=>"0.0.0.0:5044"}
[2018-01-08T09:51:51,851][INFO ][org.logstash.beats.Server] Starting server on port: 5044
[2018-01-08T09:51:52,128][INFO ][logstash.outputs.elasticsearch] Elasticsearch pool URLs updated {:changes=>{:removed=>[], :added=>["http://localhost:9200"]}}
[2018-01-08T09:51:52,128][INFO ][logstash.outputs.elasticsearch] Running health check to see if an Elasticsearch connection is working {:url=>#<URI::HTTP:0x2d8c63c7 URL:http://localhost:9200>, :healthcheck_path=>"/"}
[2018-01-08T09:51:52,285][WARN ][logstash.outputs.elasticsearch] Restored connection to ES instance {:url=>#<URI::HTTP:0x2d8c63c7 URL:http://localhost:9200>}
[2018-01-08T09:51:52,287][INFO ][logstash.outputs.elasticsearch] New Elasticsearch output {:class=>"LogStash::Outputs::ElasticSearch", :hosts=>["localhost:9200"]}
[2018-01-08T09:51:52,292][INFO ][logstash.outputs.elasticsearch] Elasticsearch pool URLs updated {:changes=>{:removed=>[], :added=>["http://localhost:9200"]}}
[2018-01-08T09:51:52,293][INFO ][logstash.outputs.elasticsearch] Running health check to see if an Elasticsearch connection is working {:url=>#<URI::HTTP:0xcffec5b URL:http://localhost:9200>, :healthcheck_path=>"/"}
[2018-01-08T09:51:52,323][WARN ][logstash.outputs.elasticsearch] Restored connection to ES instance {:url=>#<URI::HTTP:0xcffec5b URL:http://localhost:9200>}
[2018-01-08T09:51:52,355][INFO ][logstash.outputs.elasticsearch] New Elasticsearch output {:class=>"LogStash::Outputs::ElasticSearch", :hosts=>["localhost:9200"]}
[2018-01-08T09:51:52,372][INFO ][logstash.outputs.elasticsearch] Elasticsearch pool URLs updated {:changes=>{:removed=>[], :added=>["http://localhost:9200"]}}
[2018-01-08T09:51:52,375][INFO ][logstash.outputs.elasticsearch] Running health check to see if an Elasticsearch connection is working {:url=>#<URI::HTTP:0x421b0ef7 URL:http://localhost:9200>, :healthcheck_path=>"/"}
[2018-01-08T09:51:52,531][WARN ][logstash.outputs.elasticsearch] Restored connection to ES instance {:url=>#<URI::HTTP:0x421b0ef7 URL:http://localhost:9200>}
[2018-01-08T09:51:52,532][INFO ][logstash.outputs.elasticsearch] New Elasticsearch output {:class=>"LogStash::Outputs::ElasticSearch", :hosts=>["localhost:9200"]}
[2018-01-08T09:51:52,534][INFO ][logstash.pipeline        ] Starting pipeline {"id"=>"main", "pipeline.workers"=>4, "pipeline.batch.size"=>125, "pipeline.batch.delay"=>5, "pipeline.max_inflight"=>500}
[2018-01-08T09:51:52,541][INFO ][logstash.pipeline        ] Pipeline main started
[2018-01-08T09:51:52,753][FATAL][logstash.runner          ] An unexpected error occurred! {:error=>#<Errno::EADDRNOTAVAIL: Can't assign requested address - bind - Can't assign requested address>, :backtrace=>["org/jruby/ext/socket/RubyTCPServer.java:118:in `initialize'", "org/jruby/RubyIO.java:871:in `new'", "/Users/minjung/logstash-5.1.1/vendor/bundle/jruby/1.9/gems/puma-2.16.0-java/lib/puma/binder.rb:234:in `add_tcp_listener'", "(eval):2:in `add_tcp_listener'", "/Users/minjung/logstash-5.1.1/logstash-core/lib/logstash/webserver.rb:88:in `start_webserver'", "/Users/minjung/logstash-5.1.1/logstash-core/lib/logstash/webserver.rb:44:in `run'", "org/jruby/RubyRange.java:479:in `each'", "org/jruby/RubyEnumerable.java:974:in `each_with_index'", "/Users/minjung/logstash-5.1.1/logstash-core/lib/logstash/webserver.rb:39:in `run'", "/Users/minjung/logstash-5.1.1/logstash-core/lib/logstash/agent.rb:191:in `start_webserver'"]}
[2018-01-08T09:52:55,625][INFO ][logstash.inputs.beats    ] Beats inputs: Starting input listener {:address=>"0.0.0.0:5044"}
[2018-01-08T09:52:55,717][INFO ][org.logstash.beats.Server] Starting server on port: 5044
[2018-01-08T09:52:56,013][INFO ][logstash.outputs.elasticsearch] Elasticsearch pool URLs updated {:changes=>{:removed=>[], :added=>["http://localhost:9200"]}}
[2018-01-08T09:52:56,014][INFO ][logstash.outputs.elasticsearch] Running health check to see if an Elasticsearch connection is working {:url=>#<URI::HTTP:0x38d414cb URL:http://localhost:9200>, :healthcheck_path=>"/"}
[2018-01-08T09:52:56,130][WARN ][logstash.outputs.elasticsearch] Restored connection to ES instance {:url=>#<URI::HTTP:0x38d414cb URL:http://localhost:9200>}
[2018-01-08T09:52:56,133][INFO ][logstash.outputs.elasticsearch] New Elasticsearch output {:class=>"LogStash::Outputs::ElasticSearch", :hosts=>["localhost:9200"]}
[2018-01-08T09:52:56,136][INFO ][logstash.outputs.elasticsearch] Elasticsearch pool URLs updated {:changes=>{:removed=>[], :added=>["http://localhost:9200"]}}
[2018-01-08T09:52:56,136][INFO ][logstash.outputs.elasticsearch] Running health check to see if an Elasticsearch connection is working {:url=>#<URI::HTTP:0x7b65b019 URL:http://localhost:9200>, :healthcheck_path=>"/"}
[2018-01-08T09:52:56,146][WARN ][logstash.outputs.elasticsearch] Restored connection to ES instance {:url=>#<URI::HTTP:0x7b65b019 URL:http://localhost:9200>}
[2018-01-08T09:52:56,148][INFO ][logstash.outputs.elasticsearch] New Elasticsearch output {:class=>"LogStash::Outputs::ElasticSearch", :hosts=>["localhost:9200"]}
[2018-01-08T09:52:56,151][INFO ][logstash.outputs.elasticsearch] Elasticsearch pool URLs updated {:changes=>{:removed=>[], :added=>["http://localhost:9200"]}}
[2018-01-08T09:52:56,152][INFO ][logstash.outputs.elasticsearch] Running health check to see if an Elasticsearch connection is working {:url=>#<URI::HTTP:0x2e18bd7d URL:http://localhost:9200>, :healthcheck_path=>"/"}
[2018-01-08T09:52:56,156][WARN ][logstash.outputs.elasticsearch] Restored connection to ES instance {:url=>#<URI::HTTP:0x2e18bd7d URL:http://localhost:9200>}
[2018-01-08T09:52:56,157][INFO ][logstash.outputs.elasticsearch] New Elasticsearch output {:class=>"LogStash::Outputs::ElasticSearch", :hosts=>["localhost:9200"]}
[2018-01-08T09:52:56,158][INFO ][logstash.pipeline        ] Starting pipeline {"id"=>"main", "pipeline.workers"=>4, "pipeline.batch.size"=>125, "pipeline.batch.delay"=>5, "pipeline.max_inflight"=>500}
[2018-01-08T09:52:56,161][INFO ][logstash.pipeline        ] Pipeline main started
[2018-01-08T09:52:56,197][INFO ][logstash.agent           ] Successfully started Logstash API endpoint {:port=>9600}
[2018-01-08T10:00:20,178][WARN ][logstash.runner          ] SIGINT received. Shutting down the agent.
[2018-01-08T10:00:20,192][WARN ][logstash.agent           ] stopping pipeline {:id=>"main"}
[2018-01-08T10:00:25,184][WARN ][logstash.runner          ] Received shutdown signal, but pipeline is still waiting for in-flight events
to be processed. Sending another ^C will force quit Logstash, but this may cause
data loss.
[2018-01-08T10:00:25,237][WARN ][logstash.shutdownwatcher ] {}
[2018-01-08T10:00:25,238][ERROR][logstash.shutdownwatcher ] The shutdown process appears to be stalled due to busy or blocked plugins. Check the logs for more information.
[2018-01-08T10:07:49,030][INFO ][logstash.inputs.beats    ] Beats inputs: Starting input listener {:address=>"0.0.0.0:5044"}
[2018-01-08T10:07:49,097][INFO ][org.logstash.beats.Server] Starting server on port: 5044
[2018-01-08T10:07:49,402][INFO ][logstash.outputs.elasticsearch] Elasticsearch pool URLs updated {:changes=>{:removed=>[], :added=>["http://localhost:9200"]}}
[2018-01-08T10:07:49,402][INFO ][logstash.outputs.elasticsearch] Running health check to see if an Elasticsearch connection is working {:url=>#<URI::HTTP:0x550a4d1f URL:http://localhost:9200>, :healthcheck_path=>"/"}
[2018-01-08T10:07:49,474][WARN ][logstash.outputs.elasticsearch] Attempted to resurrect connection to dead ES instance, but got an error. {:url=>#<URI::HTTP:0x550a4d1f URL:http://localhost:9200>, :error_type=>LogStash::Outputs::ElasticSearch::HttpClient::Pool::HostUnreachableError, :error=>"Elasticsearch Unreachable: [http://localhost:9200][Manticore::SocketException] Connection refused (Connection refused)"}
[2018-01-08T10:07:49,476][INFO ][logstash.outputs.elasticsearch] New Elasticsearch output {:class=>"LogStash::Outputs::ElasticSearch", :hosts=>["localhost:9200"]}
[2018-01-08T10:07:49,479][INFO ][logstash.outputs.elasticsearch] Elasticsearch pool URLs updated {:changes=>{:removed=>[], :added=>["http://localhost:9200"]}}
[2018-01-08T10:07:49,480][INFO ][logstash.outputs.elasticsearch] Running health check to see if an Elasticsearch connection is working {:url=>#<URI::HTTP:0x5dd29c7 URL:http://localhost:9200>, :healthcheck_path=>"/"}
[2018-01-08T10:07:49,484][WARN ][logstash.outputs.elasticsearch] Attempted to resurrect connection to dead ES instance, but got an error. {:url=>#<URI::HTTP:0x5dd29c7 URL:http://localhost:9200>, :error_type=>LogStash::Outputs::ElasticSearch::HttpClient::Pool::HostUnreachableError, :error=>"Elasticsearch Unreachable: [http://localhost:9200][Manticore::SocketException] Connection refused (Connection refused)"}
[2018-01-08T10:07:49,486][INFO ][logstash.outputs.elasticsearch] New Elasticsearch output {:class=>"LogStash::Outputs::ElasticSearch", :hosts=>["localhost:9200"]}
[2018-01-08T10:07:49,489][INFO ][logstash.outputs.elasticsearch] Elasticsearch pool URLs updated {:changes=>{:removed=>[], :added=>["http://localhost:9200"]}}
[2018-01-08T10:07:49,489][INFO ][logstash.outputs.elasticsearch] Running health check to see if an Elasticsearch connection is working {:url=>#<URI::HTTP:0x227eb86e URL:http://localhost:9200>, :healthcheck_path=>"/"}
[2018-01-08T10:07:49,493][WARN ][logstash.outputs.elasticsearch] Attempted to resurrect connection to dead ES instance, but got an error. {:url=>#<URI::HTTP:0x227eb86e URL:http://localhost:9200>, :error_type=>LogStash::Outputs::ElasticSearch::HttpClient::Pool::HostUnreachableError, :error=>"Elasticsearch Unreachable: [http://localhost:9200][Manticore::SocketException] Connection refused (Connection refused)"}
[2018-01-08T10:07:49,494][INFO ][logstash.outputs.elasticsearch] New Elasticsearch output {:class=>"LogStash::Outputs::ElasticSearch", :hosts=>["localhost:9200"]}
[2018-01-08T10:07:49,495][INFO ][logstash.pipeline        ] Starting pipeline {"id"=>"main", "pipeline.workers"=>4, "pipeline.batch.size"=>125, "pipeline.batch.delay"=>5, "pipeline.max_inflight"=>500}
[2018-01-08T10:07:49,500][INFO ][logstash.pipeline        ] Pipeline main started
[2018-01-08T10:07:49,573][INFO ][logstash.agent           ] Successfully started Logstash API endpoint {:port=>9600}
[2018-01-08T10:07:50,526][WARN ][logstash.outputs.elasticsearch] Marking url as dead. {:reason=>"Elasticsearch Unreachable: [http://localhost:9200][Manticore::SocketException] Connection refused (Connection refused)", :url=>#<URI::HTTP:0x39830f8d URL:http://localhost:9200>, :error_message=>"Elasticsearch Unreachable: [http://localhost:9200][Manticore::SocketException] Connection refused (Connection refused)", :error_class=>"LogStash::Outputs::ElasticSearch::HttpClient::Pool::HostUnreachableError"}
[2018-01-08T10:07:50,528][ERROR][logstash.outputs.elasticsearch] Attempted to send a bulk request to elasticsearch' but Elasticsearch appears to be unreachable or down! {:error_message=>"Elasticsearch Unreachable: [http://localhost:9200][Manticore::SocketException] Connection refused (Connection refused)", :class=>"LogStash::Outputs::ElasticSearch::HttpClient::Pool::HostUnreachableError", :will_retry_in_seconds=>2}
[2018-01-08T10:07:50,536][WARN ][logstash.outputs.elasticsearch] UNEXPECTED POOL ERROR {:e=>#<LogStash::Outputs::ElasticSearch::HttpClient::Pool::NoConnectionAvailableError: No Available connections>}
[2018-01-08T10:07:50,537][ERROR][logstash.outputs.elasticsearch] Attempted to send a bulk request to elasticsearch, but no there are no living connections in the connection pool. Perhaps Elasticsearch is unreachable or down? {:error_message=>"No Available connections", :class=>"LogStash::Outputs::ElasticSearch::HttpClient::Pool::NoConnectionAvailableError", :will_retry_in_seconds=>2}
[2018-01-08T10:07:50,538][WARN ][logstash.outputs.elasticsearch] Marking url as dead. {:reason=>"Elasticsearch Unreachable: [http://localhost:9200][Manticore::SocketException] Connection refused (Connection refused)", :url=>#<URI::HTTP:0x254d6a71 URL:http://localhost:9200>, :error_message=>"Elasticsearch Unreachable: [http://localhost:9200][Manticore::SocketException] Connection refused (Connection refused)", :error_class=>"LogStash::Outputs::ElasticSearch::HttpClient::Pool::HostUnreachableError"}
[2018-01-08T10:07:50,539][ERROR][logstash.outputs.elasticsearch] Attempted to send a bulk request to elasticsearch' but Elasticsearch appears to be unreachable or down! {:error_message=>"Elasticsearch Unreachable: [http://localhost:9200][Manticore::SocketException] Connection refused (Connection refused)", :class=>"LogStash::Outputs::ElasticSearch::HttpClient::Pool::HostUnreachableError", :will_retry_in_seconds=>2}
[2018-01-08T10:07:50,540][WARN ][logstash.outputs.elasticsearch] Marking url as dead. {:reason=>"Elasticsearch Unreachable: [http://localhost:9200][Manticore::SocketException] Connection refused (Connection refused)", :url=>#<URI::HTTP:0x668be40 URL:http://localhost:9200>, :error_message=>"Elasticsearch Unreachable: [http://localhost:9200][Manticore::SocketException] Connection refused (Connection refused)", :error_class=>"LogStash::Outputs::ElasticSearch::HttpClient::Pool::HostUnreachableError"}
[2018-01-08T10:07:50,541][ERROR][logstash.outputs.elasticsearch] Attempted to send a bulk request to elasticsearch' but Elasticsearch appears to be unreachable or down! {:error_message=>"Elasticsearch Unreachable: [http://localhost:9200][Manticore::SocketException] Connection refused (Connection refused)", :class=>"LogStash::Outputs::ElasticSearch::HttpClient::Pool::HostUnreachableError", :will_retry_in_seconds=>2}
[2018-01-08T10:07:52,535][WARN ][logstash.outputs.elasticsearch] UNEXPECTED POOL ERROR {:e=>#<LogStash::Outputs::ElasticSearch::HttpClient::Pool::NoConnectionAvailableError: No Available connections>}
[2018-01-08T10:07:52,536][ERROR][logstash.outputs.elasticsearch] Attempted to send a bulk request to elasticsearch, but no there are no living connections in the connection pool. Perhaps Elasticsearch is unreachable or down? {:error_message=>"No Available connections", :class=>"LogStash::Outputs::ElasticSearch::HttpClient::Pool::NoConnectionAvailableError", :will_retry_in_seconds=>4}
[2018-01-08T10:07:52,544][WARN ][logstash.outputs.elasticsearch] UNEXPECTED POOL ERROR {:e=>#<LogStash::Outputs::ElasticSearch::HttpClient::Pool::NoConnectionAvailableError: No Available connections>}
[2018-01-08T10:07:52,544][ERROR][logstash.outputs.elasticsearch] Attempted to send a bulk request to elasticsearch, but no there are no living connections in the connection pool. Perhaps Elasticsearch is unreachable or down? {:error_message=>"No Available connections", :class=>"LogStash::Outputs::ElasticSearch::HttpClient::Pool::NoConnectionAvailableError", :will_retry_in_seconds=>4}
[2018-01-08T10:07:52,545][WARN ][logstash.outputs.elasticsearch] UNEXPECTED POOL ERROR {:e=>#<LogStash::Outputs::ElasticSearch::HttpClient::Pool::NoConnectionAvailableError: No Available connections>}
[2018-01-08T10:07:52,546][WARN ][logstash.outputs.elasticsearch] UNEXPECTED POOL ERROR {:e=>#<LogStash::Outputs::ElasticSearch::HttpClient::Pool::NoConnectionAvailableError: No Available connections>}
[2018-01-08T10:07:52,546][ERROR][logstash.outputs.elasticsearch] Attempted to send a bulk request to elasticsearch, but no there are no living connections in the connection pool. Perhaps Elasticsearch is unreachable or down? {:error_message=>"No Available connections", :class=>"LogStash::Outputs::ElasticSearch::HttpClient::Pool::NoConnectionAvailableError", :will_retry_in_seconds=>4}
[2018-01-08T10:07:52,546][ERROR][logstash.outputs.elasticsearch] Attempted to send a bulk request to elasticsearch, but no there are no living connections in the connection pool. Perhaps Elasticsearch is unreachable or down? {:error_message=>"No Available connections", :class=>"LogStash::Outputs::ElasticSearch::HttpClient::Pool::NoConnectionAvailableError", :will_retry_in_seconds=>4}
[2018-01-08T10:07:54,488][INFO ][logstash.outputs.elasticsearch] Running health check to see if an Elasticsearch connection is working {:url=>#<URI::HTTP:0x766f9753 URL:http://localhost:9200>, :healthcheck_path=>"/"}
[2018-01-08T10:07:54,492][INFO ][logstash.outputs.elasticsearch] Running health check to see if an Elasticsearch connection is working {:url=>#<URI::HTTP:0x6e79f96b URL:http://localhost:9200>, :healthcheck_path=>"/"}
[2018-01-08T10:07:54,503][INFO ][logstash.outputs.elasticsearch] Running health check to see if an Elasticsearch connection is working {:url=>#<URI::HTTP:0x2d8c27b7 URL:http://localhost:9200>, :healthcheck_path=>"/"}
[2018-01-08T10:07:54,654][WARN ][logstash.outputs.elasticsearch] Restored connection to ES instance {:url=>#<URI::HTTP:0x2d8c27b7 URL:http://localhost:9200>}
[2018-01-08T10:07:54,654][WARN ][logstash.outputs.elasticsearch] Restored connection to ES instance {:url=>#<URI::HTTP:0x6e79f96b URL:http://localhost:9200>}
[2018-01-08T10:07:54,659][WARN ][logstash.outputs.elasticsearch] Restored connection to ES instance {:url=>#<URI::HTTP:0x766f9753 URL:http://localhost:9200>}
[2018-01-08T10:11:03,603][WARN ][logstash.runner          ] SIGINT received. Shutting down the agent.
[2018-01-08T10:11:03,613][WARN ][logstash.agent           ] stopping pipeline {:id=>"main"}
[2018-01-08T10:11:08,612][WARN ][logstash.runner          ] Received shutdown signal, but pipeline is still waiting for in-flight events
to be processed. Sending another ^C will force quit Logstash, but this may cause
data loss.
[2018-01-08T10:11:08,652][WARN ][logstash.shutdownwatcher ] {}
[2018-01-08T10:11:08,654][ERROR][logstash.shutdownwatcher ] The shutdown process appears to be stalled due to busy or blocked plugins. Check the logs for more information.
[2018-01-08T10:26:09,445][INFO ][logstash.inputs.beats    ] Beats inputs: Starting input listener {:address=>"0.0.0.0:5044"}
[2018-01-08T10:26:09,495][INFO ][org.logstash.beats.Server] Starting server on port: 5044
[2018-01-08T10:26:09,765][INFO ][logstash.outputs.elasticsearch] Elasticsearch pool URLs updated {:changes=>{:removed=>[], :added=>["http://localhost:9200"]}}
[2018-01-08T10:26:09,766][INFO ][logstash.outputs.elasticsearch] Running health check to see if an Elasticsearch connection is working {:url=>#<URI::HTTP:0x2bb162a3 URL:http://localhost:9200>, :healthcheck_path=>"/"}
[2018-01-08T10:26:09,900][WARN ][logstash.outputs.elasticsearch] Restored connection to ES instance {:url=>#<URI::HTTP:0x2bb162a3 URL:http://localhost:9200>}
[2018-01-08T10:26:09,902][INFO ][logstash.outputs.elasticsearch] New Elasticsearch output {:class=>"LogStash::Outputs::ElasticSearch", :hosts=>["localhost:9200"]}
[2018-01-08T10:26:09,904][INFO ][logstash.pipeline        ] Starting pipeline {"id"=>"main", "pipeline.workers"=>4, "pipeline.batch.size"=>125, "pipeline.batch.delay"=>5, "pipeline.max_inflight"=>500}
[2018-01-08T10:26:09,911][INFO ][logstash.pipeline        ] Pipeline main started
[2018-01-08T10:26:09,950][INFO ][logstash.agent           ] Successfully started Logstash API endpoint {:port=>9600}
[2018-01-08T10:28:15,125][WARN ][logstash.runner          ] SIGINT received. Shutting down the agent.
[2018-01-08T10:28:15,134][WARN ][logstash.agent           ] stopping pipeline {:id=>"main"}
[2018-01-08T10:28:20,129][WARN ][logstash.runner          ] Received shutdown signal, but pipeline is still waiting for in-flight events
to be processed. Sending another ^C will force quit Logstash, but this may cause
data loss.
[2018-01-08T10:28:20,160][WARN ][logstash.shutdownwatcher ] {}
[2018-01-08T10:28:20,161][ERROR][logstash.shutdownwatcher ] The shutdown process appears to be stalled due to busy or blocked plugins. Check the logs for more information.
[2018-01-08T10:33:00,928][INFO ][logstash.inputs.beats    ] Beats inputs: Starting input listener {:address=>"0.0.0.0:5044"}
[2018-01-08T10:33:00,989][INFO ][org.logstash.beats.Server] Starting server on port: 5044
[2018-01-08T10:33:01,289][INFO ][logstash.outputs.elasticsearch] Elasticsearch pool URLs updated {:changes=>{:removed=>[], :added=>["http://localhost:9200"]}}
[2018-01-08T10:33:01,290][INFO ][logstash.outputs.elasticsearch] Running health check to see if an Elasticsearch connection is working {:url=>#<URI::HTTP:0x373c233 URL:http://localhost:9200>, :healthcheck_path=>"/"}
[2018-01-08T10:33:01,418][WARN ][logstash.outputs.elasticsearch] Restored connection to ES instance {:url=>#<URI::HTTP:0x373c233 URL:http://localhost:9200>}
[2018-01-08T10:33:01,420][INFO ][logstash.outputs.elasticsearch] New Elasticsearch output {:class=>"LogStash::Outputs::ElasticSearch", :hosts=>["localhost:9200"]}
[2018-01-08T10:33:01,421][INFO ][logstash.pipeline        ] Starting pipeline {"id"=>"main", "pipeline.workers"=>4, "pipeline.batch.size"=>125, "pipeline.batch.delay"=>5, "pipeline.max_inflight"=>500}
[2018-01-08T10:33:01,425][INFO ][logstash.pipeline        ] Pipeline main started
[2018-01-08T10:33:01,466][INFO ][logstash.agent           ] Successfully started Logstash API endpoint {:port=>9600}
[2018-01-08T10:33:14,911][ERROR][org.logstash.beats.BeatsHandler] Exception: org.logstash.beats.BeatsParser$InvalidFrameProtocolException: Invalid Frame Type, received: 69
[2018-01-08T10:33:14,914][ERROR][org.logstash.beats.BeatsHandler] Exception: org.logstash.beats.BeatsParser$InvalidFrameProtocolException: Invalid Frame Type, received: 69
[2018-01-08T10:33:14,916][ERROR][org.logstash.beats.BeatsHandler] Exception: org.logstash.beats.BeatsParser$InvalidFrameProtocolException: Invalid Frame Type, received: 84
[2018-01-08T10:33:14,917][ERROR][org.logstash.beats.BeatsHandler] Exception: org.logstash.beats.BeatsParser$InvalidFrameProtocolException: Invalid Frame Type, received: 84
[2018-01-08T10:33:14,920][ERROR][org.logstash.beats.BeatsHandler] Exception: org.logstash.beats.BeatsParser$InvalidFrameProtocolException: Invalid Frame Type, received: 69
[2018-01-08T10:33:14,921][ERROR][org.logstash.beats.BeatsHandler] Exception: org.logstash.beats.BeatsParser$InvalidFrameProtocolException: Invalid Frame Type, received: 84
[2018-01-08T10:33:15,014][ERROR][org.logstash.beats.BeatsHandler] Exception: org.logstash.beats.BeatsParser$InvalidFrameProtocolException: Invalid Frame Type, received: 69
[2018-01-08T10:33:15,015][ERROR][org.logstash.beats.BeatsHandler] Exception: org.logstash.beats.BeatsParser$InvalidFrameProtocolException: Invalid Frame Type, received: 84
[2018-01-08T10:33:20,031][ERROR][org.logstash.beats.BeatsHandler] Exception: org.logstash.beats.BeatsParser$InvalidFrameProtocolException: Invalid Frame Type, received: 69
[2018-01-08T10:33:20,032][ERROR][org.logstash.beats.BeatsHandler] Exception: org.logstash.beats.BeatsParser$InvalidFrameProtocolException: Invalid Frame Type, received: 84
[2018-01-08T10:37:44,875][WARN ][logstash.runner          ] SIGINT received. Shutting down the agent.
[2018-01-08T10:37:44,882][WARN ][logstash.agent           ] stopping pipeline {:id=>"main"}
[2018-01-08T10:41:58,107][INFO ][logstash.inputs.beats    ] Beats inputs: Starting input listener {:address=>"0.0.0.0:5044"}
[2018-01-08T10:41:58,165][INFO ][org.logstash.beats.Server] Starting server on port: 5044
[2018-01-08T10:41:58,481][INFO ][logstash.outputs.elasticsearch] Elasticsearch pool URLs updated {:changes=>{:removed=>[], :added=>["http://localhost:9200"]}}
[2018-01-08T10:41:58,482][INFO ][logstash.outputs.elasticsearch] Running health check to see if an Elasticsearch connection is working {:url=>#<URI::HTTP:0x5f7ca95b URL:http://localhost:9200>, :healthcheck_path=>"/"}
[2018-01-08T10:41:58,612][WARN ][logstash.outputs.elasticsearch] Restored connection to ES instance {:url=>#<URI::HTTP:0x5f7ca95b URL:http://localhost:9200>}
[2018-01-08T10:41:58,616][INFO ][logstash.outputs.elasticsearch] New Elasticsearch output {:class=>"LogStash::Outputs::ElasticSearch", :hosts=>["localhost:9200"]}
[2018-01-08T10:41:58,620][INFO ][logstash.outputs.elasticsearch] Elasticsearch pool URLs updated {:changes=>{:removed=>[], :added=>["http://localhost:9200"]}}
[2018-01-08T10:41:58,620][INFO ][logstash.outputs.elasticsearch] Running health check to see if an Elasticsearch connection is working {:url=>#<URI::HTTP:0x4f1a6faa URL:http://localhost:9200>, :healthcheck_path=>"/"}
[2018-01-08T10:41:58,645][WARN ][logstash.outputs.elasticsearch] Restored connection to ES instance {:url=>#<URI::HTTP:0x4f1a6faa URL:http://localhost:9200>}
[2018-01-08T10:41:58,647][INFO ][logstash.outputs.elasticsearch] New Elasticsearch output {:class=>"LogStash::Outputs::ElasticSearch", :hosts=>["localhost:9200"]}
[2018-01-08T10:41:58,650][INFO ][logstash.outputs.elasticsearch] Elasticsearch pool URLs updated {:changes=>{:removed=>[], :added=>["http://localhost:9200"]}}
[2018-01-08T10:41:58,651][INFO ][logstash.outputs.elasticsearch] Running health check to see if an Elasticsearch connection is working {:url=>#<URI::HTTP:0x73766e29 URL:http://localhost:9200>, :healthcheck_path=>"/"}
[2018-01-08T10:41:58,797][WARN ][logstash.outputs.elasticsearch] Restored connection to ES instance {:url=>#<URI::HTTP:0x73766e29 URL:http://localhost:9200>}
[2018-01-08T10:41:58,799][INFO ][logstash.outputs.elasticsearch] New Elasticsearch output {:class=>"LogStash::Outputs::ElasticSearch", :hosts=>["localhost:9200"]}
[2018-01-08T10:41:58,801][INFO ][logstash.pipeline        ] Starting pipeline {"id"=>"main", "pipeline.workers"=>4, "pipeline.batch.size"=>125, "pipeline.batch.delay"=>5, "pipeline.max_inflight"=>500}
[2018-01-08T10:41:58,805][INFO ][logstash.pipeline        ] Pipeline main started
[2018-01-08T10:41:58,851][INFO ][logstash.agent           ] Successfully started Logstash API endpoint {:port=>9600}
[2018-01-08T10:44:29,488][WARN ][logstash.runner          ] SIGINT received. Shutting down the agent.
[2018-01-08T10:44:29,504][WARN ][logstash.agent           ] stopping pipeline {:id=>"main"}
[2018-01-08T10:44:34,495][WARN ][logstash.runner          ] Received shutdown signal, but pipeline is still waiting for in-flight events
to be processed. Sending another ^C will force quit Logstash, but this may cause
data loss.
[2018-01-08T10:44:34,536][WARN ][logstash.shutdownwatcher ] {}
[2018-01-08T10:44:34,538][ERROR][logstash.shutdownwatcher ] The shutdown process appears to be stalled due to busy or blocked plugins. Check the logs for more information.
[2018-01-08T10:50:52,933][INFO ][logstash.inputs.beats    ] Beats inputs: Starting input listener {:address=>"0.0.0.0:5044"}
[2018-01-08T10:50:52,996][INFO ][org.logstash.beats.Server] Starting server on port: 5044
[2018-01-08T10:50:53,356][INFO ][logstash.outputs.elasticsearch] Elasticsearch pool URLs updated {:changes=>{:removed=>[], :added=>["http://localhost:9200"]}}
[2018-01-08T10:50:53,356][INFO ][logstash.outputs.elasticsearch] Running health check to see if an Elasticsearch connection is working {:url=>#<URI::HTTP:0x61b356c6 URL:http://localhost:9200>, :healthcheck_path=>"/"}
[2018-01-08T10:50:53,482][WARN ][logstash.outputs.elasticsearch] Restored connection to ES instance {:url=>#<URI::HTTP:0x61b356c6 URL:http://localhost:9200>}
[2018-01-08T10:50:53,484][INFO ][logstash.outputs.elasticsearch] New Elasticsearch output {:class=>"LogStash::Outputs::ElasticSearch", :hosts=>["localhost:9200"]}
[2018-01-08T10:50:53,488][INFO ][logstash.outputs.elasticsearch] Elasticsearch pool URLs updated {:changes=>{:removed=>[], :added=>["http://localhost:9200"]}}
[2018-01-08T10:50:53,489][INFO ][logstash.outputs.elasticsearch] Running health check to see if an Elasticsearch connection is working {:url=>#<URI::HTTP:0x32347653 URL:http://localhost:9200>, :healthcheck_path=>"/"}
[2018-01-08T10:50:53,507][WARN ][logstash.outputs.elasticsearch] Restored connection to ES instance {:url=>#<URI::HTTP:0x32347653 URL:http://localhost:9200>}
[2018-01-08T10:50:53,509][INFO ][logstash.outputs.elasticsearch] New Elasticsearch output {:class=>"LogStash::Outputs::ElasticSearch", :hosts=>["localhost:9200"]}
[2018-01-08T10:50:53,512][INFO ][logstash.outputs.elasticsearch] Elasticsearch pool URLs updated {:changes=>{:removed=>[], :added=>["http://localhost:9200"]}}
[2018-01-08T10:50:53,512][INFO ][logstash.outputs.elasticsearch] Running health check to see if an Elasticsearch connection is working {:url=>#<URI::HTTP:0x77d58e88 URL:http://localhost:9200>, :healthcheck_path=>"/"}
[2018-01-08T10:50:53,531][WARN ][logstash.outputs.elasticsearch] Restored connection to ES instance {:url=>#<URI::HTTP:0x77d58e88 URL:http://localhost:9200>}
[2018-01-08T10:50:53,533][INFO ][logstash.outputs.elasticsearch] New Elasticsearch output {:class=>"LogStash::Outputs::ElasticSearch", :hosts=>["localhost:9200"]}
[2018-01-08T10:50:53,536][INFO ][logstash.pipeline        ] Starting pipeline {"id"=>"main", "pipeline.workers"=>4, "pipeline.batch.size"=>125, "pipeline.batch.delay"=>5, "pipeline.max_inflight"=>500}
[2018-01-08T10:50:53,539][INFO ][logstash.pipeline        ] Pipeline main started
[2018-01-08T10:50:53,575][INFO ][logstash.agent           ] Successfully started Logstash API endpoint {:port=>9600}
[2018-01-08T10:56:12,151][WARN ][logstash.runner          ] SIGINT received. Shutting down the agent.
[2018-01-08T10:56:12,162][WARN ][logstash.agent           ] stopping pipeline {:id=>"main"}
[2018-01-08T10:56:17,159][WARN ][logstash.runner          ] Received shutdown signal, but pipeline is still waiting for in-flight events
to be processed. Sending another ^C will force quit Logstash, but this may cause
data loss.
[2018-01-08T10:56:17,207][WARN ][logstash.shutdownwatcher ] {}
[2018-01-08T10:56:17,209][ERROR][logstash.shutdownwatcher ] The shutdown process appears to be stalled due to busy or blocked plugins. Check the logs for more information.
[2018-01-08T11:00:42,367][INFO ][logstash.inputs.beats    ] Beats inputs: Starting input listener {:address=>"0.0.0.0:5044"}
[2018-01-08T11:00:42,416][INFO ][org.logstash.beats.Server] Starting server on port: 5044
[2018-01-08T11:00:42,664][INFO ][logstash.outputs.elasticsearch] Elasticsearch pool URLs updated {:changes=>{:removed=>[], :added=>["http://localhost:9200"]}}
[2018-01-08T11:00:42,665][INFO ][logstash.outputs.elasticsearch] Running health check to see if an Elasticsearch connection is working {:url=>#<URI::HTTP:0x352a850d URL:http://localhost:9200>, :healthcheck_path=>"/"}
[2018-01-08T11:00:42,767][WARN ][logstash.outputs.elasticsearch] Restored connection to ES instance {:url=>#<URI::HTTP:0x352a850d URL:http://localhost:9200>}
[2018-01-08T11:00:42,769][INFO ][logstash.outputs.elasticsearch] New Elasticsearch output {:class=>"LogStash::Outputs::ElasticSearch", :hosts=>["localhost:9200"]}
[2018-01-08T11:00:42,773][INFO ][logstash.outputs.elasticsearch] Elasticsearch pool URLs updated {:changes=>{:removed=>[], :added=>["http://localhost:9200"]}}
[2018-01-08T11:00:42,773][INFO ][logstash.outputs.elasticsearch] Running health check to see if an Elasticsearch connection is working {:url=>#<URI::HTTP:0x1bf2a6c4 URL:http://localhost:9200>, :healthcheck_path=>"/"}
[2018-01-08T11:00:42,791][WARN ][logstash.outputs.elasticsearch] Restored connection to ES instance {:url=>#<URI::HTTP:0x1bf2a6c4 URL:http://localhost:9200>}
[2018-01-08T11:00:42,793][INFO ][logstash.outputs.elasticsearch] New Elasticsearch output {:class=>"LogStash::Outputs::ElasticSearch", :hosts=>["localhost:9200"]}
[2018-01-08T11:00:42,796][INFO ][logstash.outputs.elasticsearch] Elasticsearch pool URLs updated {:changes=>{:removed=>[], :added=>["http://localhost:9200"]}}
[2018-01-08T11:00:42,797][INFO ][logstash.outputs.elasticsearch] Running health check to see if an Elasticsearch connection is working {:url=>#<URI::HTTP:0x248e72f5 URL:http://localhost:9200>, :healthcheck_path=>"/"}
[2018-01-08T11:00:42,815][WARN ][logstash.outputs.elasticsearch] Restored connection to ES instance {:url=>#<URI::HTTP:0x248e72f5 URL:http://localhost:9200>}
[2018-01-08T11:00:42,816][INFO ][logstash.outputs.elasticsearch] New Elasticsearch output {:class=>"LogStash::Outputs::ElasticSearch", :hosts=>["localhost:9200"]}
[2018-01-08T11:00:42,818][INFO ][logstash.pipeline        ] Starting pipeline {"id"=>"main", "pipeline.workers"=>4, "pipeline.batch.size"=>125, "pipeline.batch.delay"=>5, "pipeline.max_inflight"=>500}
[2018-01-08T11:00:42,821][INFO ][logstash.pipeline        ] Pipeline main started
[2018-01-08T11:00:42,906][INFO ][logstash.agent           ] Successfully started Logstash API endpoint {:port=>9600}
[2018-01-08T11:02:07,096][WARN ][logstash.runner          ] SIGINT received. Shutting down the agent.
[2018-01-08T11:02:07,112][WARN ][logstash.agent           ] stopping pipeline {:id=>"main"}
[2018-01-08T11:02:12,103][WARN ][logstash.runner          ] Received shutdown signal, but pipeline is still waiting for in-flight events
to be processed. Sending another ^C will force quit Logstash, but this may cause
data loss.
[2018-01-08T11:02:12,156][WARN ][logstash.shutdownwatcher ] {}
[2018-01-08T11:02:12,158][ERROR][logstash.shutdownwatcher ] The shutdown process appears to be stalled due to busy or blocked plugins. Check the logs for more information.
