[2018-01-07T14:54:34,931][INFO ][logstash.setting.writabledirectory] Creating directory {:setting=>"path.queue", :path=>"/Users/minjung/logstash-5.1.1/data/queue"}
[2018-01-07T14:54:34,940][INFO ][logstash.agent           ] No persistent UUID file found. Generating new UUID {:uuid=>"3611de29-6a38-44db-bedd-9ff931c95cf2", :path=>"/Users/minjung/logstash-5.1.1/data/uuid"}
[2018-01-07T14:54:35,085][INFO ][logstash.pipeline        ] Starting pipeline {"id"=>"main", "pipeline.workers"=>4, "pipeline.batch.size"=>125, "pipeline.batch.delay"=>5, "pipeline.max_inflight"=>500}
[2018-01-07T14:54:35,089][INFO ][logstash.pipeline        ] Pipeline main started
[2018-01-07T14:54:35,146][INFO ][logstash.agent           ] Successfully started Logstash API endpoint {:port=>9600}
[2018-01-07T15:13:34,390][WARN ][logstash.runner          ] SIGINT received. Shutting down the agent.
[2018-01-07T15:13:34,400][WARN ][logstash.agent           ] stopping pipeline {:id=>"main"}
[2018-01-07T15:14:12,491][INFO ][logstash.outputs.elasticsearch] Elasticsearch pool URLs updated {:changes=>{:removed=>[], :added=>["http://localhost:9200"]}}
[2018-01-07T15:14:12,497][INFO ][logstash.outputs.elasticsearch] Running health check to see if an Elasticsearch connection is working {:url=>#<URI::HTTP:0x21d508f0 URL:http://localhost:9200>, :healthcheck_path=>"/"}
[2018-01-07T15:14:12,624][WARN ][logstash.outputs.elasticsearch] Restored connection to ES instance {:url=>#<URI::HTTP:0x21d508f0 URL:http://localhost:9200>}
[2018-01-07T15:14:12,625][INFO ][logstash.outputs.elasticsearch] Using mapping template from {:path=>nil}
[2018-01-07T15:14:12,740][INFO ][logstash.outputs.elasticsearch] Attempting to install template {:manage_template=>{"template"=>"logstash-*", "version"=>50001, "settings"=>{"index.refresh_interval"=>"5s"}, "mappings"=>{"_default_"=>{"_all"=>{"enabled"=>true, "norms"=>false}, "dynamic_templates"=>[{"message_field"=>{"path_match"=>"message", "match_mapping_type"=>"string", "mapping"=>{"type"=>"text", "norms"=>false}}}, {"string_fields"=>{"match"=>"*", "match_mapping_type"=>"string", "mapping"=>{"type"=>"text", "norms"=>false, "fields"=>{"keyword"=>{"type"=>"keyword"}}}}}], "properties"=>{"@timestamp"=>{"type"=>"date", "include_in_all"=>false}, "@version"=>{"type"=>"keyword", "include_in_all"=>false}, "geoip"=>{"dynamic"=>true, "properties"=>{"ip"=>{"type"=>"ip"}, "location"=>{"type"=>"geo_point"}, "latitude"=>{"type"=>"half_float"}, "longitude"=>{"type"=>"half_float"}}}}}}}}
[2018-01-07T15:14:12,747][INFO ][logstash.outputs.elasticsearch] Installing elasticsearch template to _template/logstash
[2018-01-07T15:14:12,807][INFO ][logstash.outputs.elasticsearch] New Elasticsearch output {:class=>"LogStash::Outputs::ElasticSearch", :hosts=>["localhost"]}
[2018-01-07T15:14:12,809][INFO ][logstash.pipeline        ] Starting pipeline {"id"=>"main", "pipeline.workers"=>4, "pipeline.batch.size"=>125, "pipeline.batch.delay"=>5, "pipeline.max_inflight"=>500}
[2018-01-07T15:14:12,816][INFO ][logstash.pipeline        ] Pipeline main started
[2018-01-07T15:14:12,893][INFO ][logstash.agent           ] Successfully started Logstash API endpoint {:port=>9600}
[2018-01-07T15:32:35,475][WARN ][logstash.runner          ] SIGINT received. Shutting down the agent.
[2018-01-07T15:32:35,488][WARN ][logstash.agent           ] stopping pipeline {:id=>"main"}
[2018-01-07T15:32:56,183][INFO ][logstash.outputs.elasticsearch] Elasticsearch pool URLs updated {:changes=>{:removed=>[], :added=>["http://localhost:9200"]}}
[2018-01-07T15:32:56,189][INFO ][logstash.outputs.elasticsearch] Running health check to see if an Elasticsearch connection is working {:url=>#<URI::HTTP:0x4dbdb902 URL:http://localhost:9200>, :healthcheck_path=>"/"}
[2018-01-07T15:32:56,282][WARN ][logstash.outputs.elasticsearch] Restored connection to ES instance {:url=>#<URI::HTTP:0x4dbdb902 URL:http://localhost:9200>}
[2018-01-07T15:32:56,284][INFO ][logstash.outputs.elasticsearch] Using mapping template from {:path=>nil}
[2018-01-07T15:32:56,325][INFO ][logstash.outputs.elasticsearch] Attempting to install template {:manage_template=>{"template"=>"logstash-*", "version"=>50001, "settings"=>{"index.refresh_interval"=>"5s"}, "mappings"=>{"_default_"=>{"_all"=>{"enabled"=>true, "norms"=>false}, "dynamic_templates"=>[{"message_field"=>{"path_match"=>"message", "match_mapping_type"=>"string", "mapping"=>{"type"=>"text", "norms"=>false}}}, {"string_fields"=>{"match"=>"*", "match_mapping_type"=>"string", "mapping"=>{"type"=>"text", "norms"=>false, "fields"=>{"keyword"=>{"type"=>"keyword"}}}}}], "properties"=>{"@timestamp"=>{"type"=>"date", "include_in_all"=>false}, "@version"=>{"type"=>"keyword", "include_in_all"=>false}, "geoip"=>{"dynamic"=>true, "properties"=>{"ip"=>{"type"=>"ip"}, "location"=>{"type"=>"geo_point"}, "latitude"=>{"type"=>"half_float"}, "longitude"=>{"type"=>"half_float"}}}}}}}}
[2018-01-07T15:32:56,329][INFO ][logstash.outputs.elasticsearch] New Elasticsearch output {:class=>"LogStash::Outputs::ElasticSearch", :hosts=>["localhost"]}
[2018-01-07T15:32:56,332][INFO ][logstash.pipeline        ] Starting pipeline {"id"=>"main", "pipeline.workers"=>4, "pipeline.batch.size"=>125, "pipeline.batch.delay"=>5, "pipeline.max_inflight"=>500}
[2018-01-07T15:32:56,335][INFO ][logstash.pipeline        ] Pipeline main started
[2018-01-07T15:32:56,382][INFO ][logstash.agent           ] Successfully started Logstash API endpoint {:port=>9600}
[2018-01-07T15:36:46,585][WARN ][logstash.runner          ] SIGINT received. Shutting down the agent.
[2018-01-07T15:36:46,598][WARN ][logstash.agent           ] stopping pipeline {:id=>"main"}
[2018-01-07T15:38:07,605][INFO ][logstash.outputs.elasticsearch] Elasticsearch pool URLs updated {:changes=>{:removed=>[], :added=>["http://localhost:9200"]}}
[2018-01-07T15:38:07,609][INFO ][logstash.outputs.elasticsearch] Running health check to see if an Elasticsearch connection is working {:url=>#<URI::HTTP:0x62279690 URL:http://localhost:9200>, :healthcheck_path=>"/"}
[2018-01-07T15:38:07,711][WARN ][logstash.outputs.elasticsearch] Restored connection to ES instance {:url=>#<URI::HTTP:0x62279690 URL:http://localhost:9200>}
[2018-01-07T15:38:07,713][INFO ][logstash.outputs.elasticsearch] Using mapping template from {:path=>nil}
[2018-01-07T15:38:07,762][INFO ][logstash.outputs.elasticsearch] Attempting to install template {:manage_template=>{"template"=>"logstash-*", "version"=>50001, "settings"=>{"index.refresh_interval"=>"5s"}, "mappings"=>{"_default_"=>{"_all"=>{"enabled"=>true, "norms"=>false}, "dynamic_templates"=>[{"message_field"=>{"path_match"=>"message", "match_mapping_type"=>"string", "mapping"=>{"type"=>"text", "norms"=>false}}}, {"string_fields"=>{"match"=>"*", "match_mapping_type"=>"string", "mapping"=>{"type"=>"text", "norms"=>false, "fields"=>{"keyword"=>{"type"=>"keyword"}}}}}], "properties"=>{"@timestamp"=>{"type"=>"date", "include_in_all"=>false}, "@version"=>{"type"=>"keyword", "include_in_all"=>false}, "geoip"=>{"dynamic"=>true, "properties"=>{"ip"=>{"type"=>"ip"}, "location"=>{"type"=>"geo_point"}, "latitude"=>{"type"=>"half_float"}, "longitude"=>{"type"=>"half_float"}}}}}}}}
[2018-01-07T15:38:07,765][INFO ][logstash.outputs.elasticsearch] New Elasticsearch output {:class=>"LogStash::Outputs::ElasticSearch", :hosts=>["localhost"]}
[2018-01-07T15:38:07,771][INFO ][logstash.pipeline        ] Starting pipeline {"id"=>"main", "pipeline.workers"=>4, "pipeline.batch.size"=>125, "pipeline.batch.delay"=>5, "pipeline.max_inflight"=>500}
[2018-01-07T15:38:07,797][INFO ][logstash.pipeline        ] Pipeline main started
[2018-01-07T15:38:07,899][INFO ][logstash.agent           ] Successfully started Logstash API endpoint {:port=>9600}
[2018-01-07T15:38:08,738][WARN ][logstash.outputs.elasticsearch] Failed action. {:status=>400, :action=>["index", {:_id=>nil, :_index=>"stock", :_type=>"logs", :_routing=>nil}, 2018-01-07T06:38:07.429Z gimminjung-ui-MacBook-Pro.local Date,Open,High,Low,Close,Volume,Adj Close], :response=>{"index"=>{"_index"=>"stock", "_type"=>"logs", "_id"=>"AWDPVzrzWd9Z2fskJJzU", "status"=>400, "error"=>{"type"=>"mapper_parsing_exception", "reason"=>"failed to parse [Date]", "caused_by"=>{"type"=>"illegal_argument_exception", "reason"=>"Invalid format: \"Date\""}}}}}
[2018-01-07T16:12:58,754][WARN ][logstash.runner          ] SIGINT received. Shutting down the agent.
[2018-01-07T16:12:58,768][WARN ][logstash.agent           ] stopping pipeline {:id=>"main"}
[2018-01-07T16:29:31,046][INFO ][logstash.inputs.beats    ] Beats inputs: Starting input listener {:address=>"0.0.0.0:5044"}
[2018-01-07T16:29:31,104][INFO ][org.logstash.beats.Server] Starting server on port: 5044
[2018-01-07T16:29:31,361][INFO ][logstash.outputs.elasticsearch] Elasticsearch pool URLs updated {:changes=>{:removed=>[], :added=>["http://localhost:9200"]}}
[2018-01-07T16:29:31,362][INFO ][logstash.outputs.elasticsearch] Running health check to see if an Elasticsearch connection is working {:url=>#<URI::HTTP:0x6aad5392 URL:http://localhost:9200>, :healthcheck_path=>"/"}
[2018-01-07T16:29:31,474][WARN ][logstash.outputs.elasticsearch] Restored connection to ES instance {:url=>#<URI::HTTP:0x6aad5392 URL:http://localhost:9200>}
[2018-01-07T16:29:31,476][INFO ][logstash.outputs.elasticsearch] New Elasticsearch output {:class=>"LogStash::Outputs::ElasticSearch", :hosts=>["localhost:9200"]}
[2018-01-07T16:29:31,481][INFO ][logstash.outputs.elasticsearch] Elasticsearch pool URLs updated {:changes=>{:removed=>[], :added=>["http://localhost:9200"]}}
[2018-01-07T16:29:31,482][INFO ][logstash.outputs.elasticsearch] Running health check to see if an Elasticsearch connection is working {:url=>#<URI::HTTP:0x7f6661ec URL:http://localhost:9200>, :healthcheck_path=>"/"}
[2018-01-07T16:29:31,503][WARN ][logstash.outputs.elasticsearch] Restored connection to ES instance {:url=>#<URI::HTTP:0x7f6661ec URL:http://localhost:9200>}
[2018-01-07T16:29:31,504][INFO ][logstash.outputs.elasticsearch] New Elasticsearch output {:class=>"LogStash::Outputs::ElasticSearch", :hosts=>["localhost:9200"]}
[2018-01-07T16:29:31,508][INFO ][logstash.outputs.elasticsearch] Elasticsearch pool URLs updated {:changes=>{:removed=>[], :added=>["http://localhost:9200"]}}
[2018-01-07T16:29:31,509][INFO ][logstash.outputs.elasticsearch] Running health check to see if an Elasticsearch connection is working {:url=>#<URI::HTTP:0x53091b07 URL:http://localhost:9200>, :healthcheck_path=>"/"}
[2018-01-07T16:29:31,533][WARN ][logstash.outputs.elasticsearch] Restored connection to ES instance {:url=>#<URI::HTTP:0x53091b07 URL:http://localhost:9200>}
[2018-01-07T16:29:31,534][INFO ][logstash.outputs.elasticsearch] New Elasticsearch output {:class=>"LogStash::Outputs::ElasticSearch", :hosts=>["localhost:9200"]}
[2018-01-07T16:29:31,536][INFO ][logstash.pipeline        ] Starting pipeline {"id"=>"main", "pipeline.workers"=>4, "pipeline.batch.size"=>125, "pipeline.batch.delay"=>5, "pipeline.max_inflight"=>500}
[2018-01-07T16:29:31,538][INFO ][logstash.pipeline        ] Pipeline main started
[2018-01-07T16:29:31,578][INFO ][logstash.agent           ] Successfully started Logstash API endpoint {:port=>9600}
[2018-01-07T16:52:01,265][WARN ][logstash.runner          ] SIGINT received. Shutting down the agent.
[2018-01-07T16:52:01,282][WARN ][logstash.agent           ] stopping pipeline {:id=>"main"}
[2018-01-07T16:52:03,259][FATAL][logstash.runner          ] SIGINT received. Terminating immediately..
[2018-01-07T16:52:03,953][FATAL][logstash.runner          ] SIGINT received. Terminating immediately..
[2018-01-07T16:52:04,386][FATAL][logstash.runner          ] SIGINT received. Terminating immediately..
[2018-01-07T16:52:04,657][FATAL][logstash.runner          ] SIGINT received. Terminating immediately..
[2018-01-07T16:52:04,836][FATAL][logstash.runner          ] SIGINT received. Terminating immediately..
[2018-01-07T16:52:05,017][FATAL][logstash.runner          ] SIGINT received. Terminating immediately..
[2018-01-07T16:52:05,197][FATAL][logstash.runner          ] SIGINT received. Terminating immediately..
[2018-01-07T16:52:05,389][FATAL][logstash.runner          ] SIGINT received. Terminating immediately..
[2018-01-07T16:52:05,573][FATAL][logstash.runner          ] SIGINT received. Terminating immediately..
[2018-01-07T17:09:09,594][INFO ][logstash.inputs.beats    ] Beats inputs: Starting input listener {:address=>"0.0.0.0:5044"}
[2018-01-07T17:09:09,645][INFO ][org.logstash.beats.Server] Starting server on port: 5044
[2018-01-07T17:09:09,962][INFO ][logstash.outputs.elasticsearch] Elasticsearch pool URLs updated {:changes=>{:removed=>[], :added=>["http://localhost:9200"]}}
[2018-01-07T17:09:09,963][INFO ][logstash.outputs.elasticsearch] Running health check to see if an Elasticsearch connection is working {:url=>#<URI::HTTP:0x55988b50 URL:http://localhost:9200>, :healthcheck_path=>"/"}
[2018-01-07T17:09:10,054][WARN ][logstash.outputs.elasticsearch] Restored connection to ES instance {:url=>#<URI::HTTP:0x55988b50 URL:http://localhost:9200>}
[2018-01-07T17:09:10,055][INFO ][logstash.outputs.elasticsearch] New Elasticsearch output {:class=>"LogStash::Outputs::ElasticSearch", :hosts=>["localhost:9200"]}
[2018-01-07T17:09:10,063][INFO ][logstash.outputs.elasticsearch] Elasticsearch pool URLs updated {:changes=>{:removed=>[], :added=>["http://localhost:9200"]}}
[2018-01-07T17:09:10,064][INFO ][logstash.outputs.elasticsearch] Running health check to see if an Elasticsearch connection is working {:url=>#<URI::HTTP:0x6ba9fa56 URL:http://localhost:9200>, :healthcheck_path=>"/"}
[2018-01-07T17:09:10,067][WARN ][logstash.outputs.elasticsearch] Restored connection to ES instance {:url=>#<URI::HTTP:0x6ba9fa56 URL:http://localhost:9200>}
[2018-01-07T17:09:10,076][INFO ][logstash.outputs.elasticsearch] New Elasticsearch output {:class=>"LogStash::Outputs::ElasticSearch", :hosts=>["localhost:9200"]}
[2018-01-07T17:09:10,079][INFO ][logstash.outputs.elasticsearch] Elasticsearch pool URLs updated {:changes=>{:removed=>[], :added=>["http://localhost:9200"]}}
[2018-01-07T17:09:10,080][INFO ][logstash.outputs.elasticsearch] Running health check to see if an Elasticsearch connection is working {:url=>#<URI::HTTP:0x38bc8dd1 URL:http://localhost:9200>, :healthcheck_path=>"/"}
[2018-01-07T17:09:10,084][WARN ][logstash.outputs.elasticsearch] Restored connection to ES instance {:url=>#<URI::HTTP:0x38bc8dd1 URL:http://localhost:9200>}
[2018-01-07T17:09:10,097][INFO ][logstash.outputs.elasticsearch] New Elasticsearch output {:class=>"LogStash::Outputs::ElasticSearch", :hosts=>["localhost:9200"]}
[2018-01-07T17:09:10,099][INFO ][logstash.pipeline        ] Starting pipeline {"id"=>"main", "pipeline.workers"=>4, "pipeline.batch.size"=>125, "pipeline.batch.delay"=>5, "pipeline.max_inflight"=>500}
[2018-01-07T17:09:10,119][INFO ][logstash.pipeline        ] Pipeline main started
[2018-01-07T17:09:10,166][INFO ][logstash.agent           ] Successfully started Logstash API endpoint {:port=>9600}
[2018-01-07T17:12:35,087][WARN ][logstash.runner          ] SIGINT received. Shutting down the agent.
[2018-01-07T17:12:35,105][WARN ][logstash.agent           ] stopping pipeline {:id=>"main"}
[2018-01-07T17:12:40,099][WARN ][logstash.runner          ] Received shutdown signal, but pipeline is still waiting for in-flight events
to be processed. Sending another ^C will force quit Logstash, but this may cause
data loss.
[2018-01-07T17:12:40,149][WARN ][logstash.shutdownwatcher ] {}
[2018-01-07T17:12:40,151][ERROR][logstash.shutdownwatcher ] The shutdown process appears to be stalled due to busy or blocked plugins. Check the logs for more information.
[2018-01-07T17:13:27,365][INFO ][logstash.inputs.beats    ] Beats inputs: Starting input listener {:address=>"0.0.0.0:5044"}
[2018-01-07T17:13:27,439][INFO ][org.logstash.beats.Server] Starting server on port: 5044
[2018-01-07T17:13:27,775][INFO ][logstash.outputs.elasticsearch] Elasticsearch pool URLs updated {:changes=>{:removed=>[], :added=>["http://localhost:9200"]}}
[2018-01-07T17:13:27,775][INFO ][logstash.outputs.elasticsearch] Running health check to see if an Elasticsearch connection is working {:url=>#<URI::HTTP:0x22fa415d URL:http://localhost:9200>, :healthcheck_path=>"/"}
[2018-01-07T17:13:27,937][WARN ][logstash.outputs.elasticsearch] Restored connection to ES instance {:url=>#<URI::HTTP:0x22fa415d URL:http://localhost:9200>}
[2018-01-07T17:13:27,941][INFO ][logstash.outputs.elasticsearch] New Elasticsearch output {:class=>"LogStash::Outputs::ElasticSearch", :hosts=>["localhost:9200"]}
[2018-01-07T17:13:27,954][INFO ][logstash.outputs.elasticsearch] Elasticsearch pool URLs updated {:changes=>{:removed=>[], :added=>["http://localhost:9200"]}}
[2018-01-07T17:13:27,955][INFO ][logstash.outputs.elasticsearch] Running health check to see if an Elasticsearch connection is working {:url=>#<URI::HTTP:0x3e4ea53f URL:http://localhost:9200>, :healthcheck_path=>"/"}
[2018-01-07T17:13:28,048][WARN ][logstash.outputs.elasticsearch] Restored connection to ES instance {:url=>#<URI::HTTP:0x3e4ea53f URL:http://localhost:9200>}
[2018-01-07T17:13:28,052][INFO ][logstash.outputs.elasticsearch] New Elasticsearch output {:class=>"LogStash::Outputs::ElasticSearch", :hosts=>["localhost:9200"]}
[2018-01-07T17:13:28,062][INFO ][logstash.outputs.elasticsearch] Elasticsearch pool URLs updated {:changes=>{:removed=>[], :added=>["http://localhost:9200"]}}
[2018-01-07T17:13:28,068][INFO ][logstash.outputs.elasticsearch] Running health check to see if an Elasticsearch connection is working {:url=>#<URI::HTTP:0x75358943 URL:http://localhost:9200>, :healthcheck_path=>"/"}
[2018-01-07T17:13:28,104][WARN ][logstash.outputs.elasticsearch] Restored connection to ES instance {:url=>#<URI::HTTP:0x75358943 URL:http://localhost:9200>}
[2018-01-07T17:13:28,106][INFO ][logstash.outputs.elasticsearch] New Elasticsearch output {:class=>"LogStash::Outputs::ElasticSearch", :hosts=>["localhost:9200"]}
[2018-01-07T17:13:28,108][INFO ][logstash.pipeline        ] Starting pipeline {"id"=>"main", "pipeline.workers"=>4, "pipeline.batch.size"=>125, "pipeline.batch.delay"=>5, "pipeline.max_inflight"=>500}
[2018-01-07T17:13:28,112][INFO ][logstash.pipeline        ] Pipeline main started
[2018-01-07T17:13:28,169][INFO ][logstash.agent           ] Successfully started Logstash API endpoint {:port=>9600}
[2018-01-07T17:17:13,418][WARN ][logstash.runner          ] SIGINT received. Shutting down the agent.
[2018-01-07T17:17:13,431][WARN ][logstash.agent           ] stopping pipeline {:id=>"main"}
[2018-01-07T17:17:14,903][FATAL][logstash.runner          ] SIGINT received. Terminating immediately..
[2018-01-07T17:17:17,478][FATAL][logstash.runner          ] SIGINT received. Terminating immediately..
[2018-01-07T17:17:29,319][INFO ][logstash.inputs.beats    ] Beats inputs: Starting input listener {:address=>"0.0.0.0:5044"}
[2018-01-07T17:17:29,377][INFO ][org.logstash.beats.Server] Starting server on port: 5044
[2018-01-07T17:17:29,613][INFO ][logstash.outputs.elasticsearch] Elasticsearch pool URLs updated {:changes=>{:removed=>[], :added=>["http://localhost:9200"]}}
[2018-01-07T17:17:29,614][INFO ][logstash.outputs.elasticsearch] Running health check to see if an Elasticsearch connection is working {:url=>#<URI::HTTP:0x64e2c17a URL:http://localhost:9200>, :healthcheck_path=>"/"}
[2018-01-07T17:17:29,828][WARN ][logstash.outputs.elasticsearch] Restored connection to ES instance {:url=>#<URI::HTTP:0x64e2c17a URL:http://localhost:9200>}
[2018-01-07T17:17:29,830][INFO ][logstash.outputs.elasticsearch] New Elasticsearch output {:class=>"LogStash::Outputs::ElasticSearch", :hosts=>["localhost:9200"]}
[2018-01-07T17:17:29,834][INFO ][logstash.outputs.elasticsearch] Elasticsearch pool URLs updated {:changes=>{:removed=>[], :added=>["http://localhost:9200"]}}
[2018-01-07T17:17:29,835][INFO ][logstash.outputs.elasticsearch] Running health check to see if an Elasticsearch connection is working {:url=>#<URI::HTTP:0x36774c02 URL:http://localhost:9200>, :healthcheck_path=>"/"}
[2018-01-07T17:17:29,840][WARN ][logstash.outputs.elasticsearch] Restored connection to ES instance {:url=>#<URI::HTTP:0x36774c02 URL:http://localhost:9200>}
[2018-01-07T17:17:29,842][INFO ][logstash.outputs.elasticsearch] New Elasticsearch output {:class=>"LogStash::Outputs::ElasticSearch", :hosts=>["localhost:9200"]}
[2018-01-07T17:17:29,845][INFO ][logstash.outputs.elasticsearch] Elasticsearch pool URLs updated {:changes=>{:removed=>[], :added=>["http://localhost:9200"]}}
[2018-01-07T17:17:29,846][INFO ][logstash.outputs.elasticsearch] Running health check to see if an Elasticsearch connection is working {:url=>#<URI::HTTP:0x6f57ef92 URL:http://localhost:9200>, :healthcheck_path=>"/"}
[2018-01-07T17:17:29,849][WARN ][logstash.outputs.elasticsearch] Restored connection to ES instance {:url=>#<URI::HTTP:0x6f57ef92 URL:http://localhost:9200>}
[2018-01-07T17:17:29,850][INFO ][logstash.outputs.elasticsearch] New Elasticsearch output {:class=>"LogStash::Outputs::ElasticSearch", :hosts=>["localhost:9200"]}
[2018-01-07T17:17:29,857][INFO ][logstash.pipeline        ] Starting pipeline {"id"=>"main", "pipeline.workers"=>4, "pipeline.batch.size"=>125, "pipeline.batch.delay"=>5, "pipeline.max_inflight"=>500}
[2018-01-07T17:17:29,876][INFO ][logstash.pipeline        ] Pipeline main started
[2018-01-07T17:17:29,929][INFO ][logstash.agent           ] Successfully started Logstash API endpoint {:port=>9600}
[2018-01-07T17:19:42,885][WARN ][logstash.runner          ] SIGINT received. Shutting down the agent.
[2018-01-07T17:19:42,897][WARN ][logstash.agent           ] stopping pipeline {:id=>"main"}
[2018-01-07T17:19:44,377][FATAL][logstash.runner          ] SIGINT received. Terminating immediately..
[2018-01-07T17:19:44,825][FATAL][logstash.runner          ] SIGINT received. Terminating immediately..
[2018-01-07T17:19:45,416][FATAL][logstash.runner          ] SIGINT received. Terminating immediately..
[2018-01-07T17:19:46,008][FATAL][logstash.runner          ] SIGINT received. Terminating immediately..
[2018-01-07T17:20:42,416][INFO ][logstash.inputs.beats    ] Beats inputs: Starting input listener {:address=>"0.0.0.0:5044"}
[2018-01-07T17:20:42,476][INFO ][org.logstash.beats.Server] Starting server on port: 5044
[2018-01-07T17:20:42,706][INFO ][logstash.outputs.elasticsearch] Elasticsearch pool URLs updated {:changes=>{:removed=>[], :added=>["http://localhost:9200"]}}
[2018-01-07T17:20:42,707][INFO ][logstash.outputs.elasticsearch] Running health check to see if an Elasticsearch connection is working {:url=>#<URI::HTTP:0x7fb35dd0 URL:http://localhost:9200>, :healthcheck_path=>"/"}
[2018-01-07T17:20:42,799][WARN ][logstash.outputs.elasticsearch] Restored connection to ES instance {:url=>#<URI::HTTP:0x7fb35dd0 URL:http://localhost:9200>}
[2018-01-07T17:20:42,803][INFO ][logstash.outputs.elasticsearch] New Elasticsearch output {:class=>"LogStash::Outputs::ElasticSearch", :hosts=>["localhost:9200"]}
[2018-01-07T17:20:42,807][INFO ][logstash.outputs.elasticsearch] Elasticsearch pool URLs updated {:changes=>{:removed=>[], :added=>["http://localhost:9200"]}}
[2018-01-07T17:20:42,807][INFO ][logstash.outputs.elasticsearch] Running health check to see if an Elasticsearch connection is working {:url=>#<URI::HTTP:0x76b1bc7a URL:http://localhost:9200>, :healthcheck_path=>"/"}
[2018-01-07T17:20:42,811][WARN ][logstash.outputs.elasticsearch] Restored connection to ES instance {:url=>#<URI::HTTP:0x76b1bc7a URL:http://localhost:9200>}
[2018-01-07T17:20:42,812][INFO ][logstash.outputs.elasticsearch] New Elasticsearch output {:class=>"LogStash::Outputs::ElasticSearch", :hosts=>["localhost:9200"]}
[2018-01-07T17:20:42,816][INFO ][logstash.outputs.elasticsearch] Elasticsearch pool URLs updated {:changes=>{:removed=>[], :added=>["http://localhost:9200"]}}
[2018-01-07T17:20:42,816][INFO ][logstash.outputs.elasticsearch] Running health check to see if an Elasticsearch connection is working {:url=>#<URI::HTTP:0x188db07c URL:http://localhost:9200>, :healthcheck_path=>"/"}
[2018-01-07T17:20:42,819][WARN ][logstash.outputs.elasticsearch] Restored connection to ES instance {:url=>#<URI::HTTP:0x188db07c URL:http://localhost:9200>}
[2018-01-07T17:20:42,820][INFO ][logstash.outputs.elasticsearch] New Elasticsearch output {:class=>"LogStash::Outputs::ElasticSearch", :hosts=>["localhost:9200"]}
[2018-01-07T17:20:42,822][INFO ][logstash.pipeline        ] Starting pipeline {"id"=>"main", "pipeline.workers"=>4, "pipeline.batch.size"=>125, "pipeline.batch.delay"=>5, "pipeline.max_inflight"=>500}
[2018-01-07T17:20:42,825][INFO ][logstash.pipeline        ] Pipeline main started
[2018-01-07T17:20:42,862][INFO ][logstash.agent           ] Successfully started Logstash API endpoint {:port=>9600}
[2018-01-07T17:24:03,056][WARN ][logstash.runner          ] SIGINT received. Shutting down the agent.
[2018-01-07T17:24:03,065][WARN ][logstash.agent           ] stopping pipeline {:id=>"main"}
[2018-01-07T17:24:03,317][FATAL][logstash.runner          ] SIGINT received. Terminating immediately..
[2018-01-07T17:24:03,576][FATAL][logstash.runner          ] SIGINT received. Terminating immediately..
[2018-01-07T17:24:03,932][FATAL][logstash.runner          ] SIGINT received. Terminating immediately..
[2018-01-07T17:29:02,710][INFO ][logstash.inputs.beats    ] Beats inputs: Starting input listener {:address=>"0.0.0.0:5044"}
[2018-01-07T17:29:02,763][INFO ][org.logstash.beats.Server] Starting server on port: 5044
[2018-01-07T17:29:03,040][INFO ][logstash.outputs.elasticsearch] Elasticsearch pool URLs updated {:changes=>{:removed=>[], :added=>["http://localhost:9200"]}}
[2018-01-07T17:29:03,041][INFO ][logstash.outputs.elasticsearch] Running health check to see if an Elasticsearch connection is working {:url=>#<URI::HTTP:0x114bf095 URL:http://localhost:9200>, :healthcheck_path=>"/"}
[2018-01-07T17:29:03,131][WARN ][logstash.outputs.elasticsearch] Restored connection to ES instance {:url=>#<URI::HTTP:0x114bf095 URL:http://localhost:9200>}
[2018-01-07T17:29:03,133][INFO ][logstash.outputs.elasticsearch] New Elasticsearch output {:class=>"LogStash::Outputs::ElasticSearch", :hosts=>["localhost:9200"]}
[2018-01-07T17:29:03,139][INFO ][logstash.outputs.elasticsearch] Elasticsearch pool URLs updated {:changes=>{:removed=>[], :added=>["http://localhost:9200"]}}
[2018-01-07T17:29:03,140][INFO ][logstash.outputs.elasticsearch] Running health check to see if an Elasticsearch connection is working {:url=>#<URI::HTTP:0x1f2d9a14 URL:http://localhost:9200>, :healthcheck_path=>"/"}
[2018-01-07T17:29:03,144][WARN ][logstash.outputs.elasticsearch] Restored connection to ES instance {:url=>#<URI::HTTP:0x1f2d9a14 URL:http://localhost:9200>}
[2018-01-07T17:29:03,146][INFO ][logstash.outputs.elasticsearch] New Elasticsearch output {:class=>"LogStash::Outputs::ElasticSearch", :hosts=>["localhost:9200"]}
[2018-01-07T17:29:03,151][INFO ][logstash.outputs.elasticsearch] Elasticsearch pool URLs updated {:changes=>{:removed=>[], :added=>["http://localhost:9200"]}}
[2018-01-07T17:29:03,160][INFO ][logstash.outputs.elasticsearch] Running health check to see if an Elasticsearch connection is working {:url=>#<URI::HTTP:0x77937e82 URL:http://localhost:9200>, :healthcheck_path=>"/"}
[2018-01-07T17:29:03,165][WARN ][logstash.outputs.elasticsearch] Restored connection to ES instance {:url=>#<URI::HTTP:0x77937e82 URL:http://localhost:9200>}
[2018-01-07T17:29:03,177][INFO ][logstash.outputs.elasticsearch] New Elasticsearch output {:class=>"LogStash::Outputs::ElasticSearch", :hosts=>["localhost:9200"]}
[2018-01-07T17:29:03,178][INFO ][logstash.pipeline        ] Starting pipeline {"id"=>"main", "pipeline.workers"=>4, "pipeline.batch.size"=>125, "pipeline.batch.delay"=>5, "pipeline.max_inflight"=>500}
[2018-01-07T17:29:03,184][INFO ][logstash.pipeline        ] Pipeline main started
[2018-01-07T17:29:03,228][INFO ][logstash.agent           ] Successfully started Logstash API endpoint {:port=>9600}
[2018-01-07T17:33:03,217][WARN ][logstash.runner          ] SIGINT received. Shutting down the agent.
[2018-01-07T17:33:03,230][WARN ][logstash.agent           ] stopping pipeline {:id=>"main"}
[2018-01-07T17:33:08,226][WARN ][logstash.runner          ] Received shutdown signal, but pipeline is still waiting for in-flight events
to be processed. Sending another ^C will force quit Logstash, but this may cause
data loss.
[2018-01-07T17:33:08,274][WARN ][logstash.shutdownwatcher ] {}
[2018-01-07T17:33:08,275][ERROR][logstash.shutdownwatcher ] The shutdown process appears to be stalled due to busy or blocked plugins. Check the logs for more information.
[2018-01-07T23:38:47,746][INFO ][logstash.inputs.beats    ] Beats inputs: Starting input listener {:address=>"0.0.0.0:5044"}
[2018-01-07T23:38:47,812][INFO ][org.logstash.beats.Server] Starting server on port: 5044
[2018-01-07T23:38:48,105][INFO ][logstash.outputs.elasticsearch] Elasticsearch pool URLs updated {:changes=>{:removed=>[], :added=>["http://localhost:9200"]}}
[2018-01-07T23:38:48,105][INFO ][logstash.outputs.elasticsearch] Running health check to see if an Elasticsearch connection is working {:url=>#<URI::HTTP:0x63950fbf URL:http://localhost:9200>, :healthcheck_path=>"/"}
[2018-01-07T23:38:48,205][WARN ][logstash.outputs.elasticsearch] Restored connection to ES instance {:url=>#<URI::HTTP:0x63950fbf URL:http://localhost:9200>}
[2018-01-07T23:38:48,207][INFO ][logstash.outputs.elasticsearch] New Elasticsearch output {:class=>"LogStash::Outputs::ElasticSearch", :hosts=>["localhost:9200"]}
[2018-01-07T23:38:48,211][INFO ][logstash.outputs.elasticsearch] Elasticsearch pool URLs updated {:changes=>{:removed=>[], :added=>["http://localhost:9200"]}}
[2018-01-07T23:38:48,212][INFO ][logstash.outputs.elasticsearch] Running health check to see if an Elasticsearch connection is working {:url=>#<URI::HTTP:0xc8459a6 URL:http://localhost:9200>, :healthcheck_path=>"/"}
[2018-01-07T23:38:48,229][WARN ][logstash.outputs.elasticsearch] Restored connection to ES instance {:url=>#<URI::HTTP:0xc8459a6 URL:http://localhost:9200>}
[2018-01-07T23:38:48,230][INFO ][logstash.outputs.elasticsearch] New Elasticsearch output {:class=>"LogStash::Outputs::ElasticSearch", :hosts=>["localhost:9200"]}
[2018-01-07T23:38:48,235][INFO ][logstash.outputs.elasticsearch] Elasticsearch pool URLs updated {:changes=>{:removed=>[], :added=>["http://localhost:9200"]}}
[2018-01-07T23:38:48,236][INFO ][logstash.outputs.elasticsearch] Running health check to see if an Elasticsearch connection is working {:url=>#<URI::HTTP:0x69ac11c4 URL:http://localhost:9200>, :healthcheck_path=>"/"}
[2018-01-07T23:38:48,306][WARN ][logstash.outputs.elasticsearch] Restored connection to ES instance {:url=>#<URI::HTTP:0x69ac11c4 URL:http://localhost:9200>}
[2018-01-07T23:38:48,318][INFO ][logstash.outputs.elasticsearch] New Elasticsearch output {:class=>"LogStash::Outputs::ElasticSearch", :hosts=>["localhost:9200"]}
[2018-01-07T23:38:48,319][INFO ][logstash.pipeline        ] Starting pipeline {"id"=>"main", "pipeline.workers"=>4, "pipeline.batch.size"=>125, "pipeline.batch.delay"=>5, "pipeline.max_inflight"=>500}
[2018-01-07T23:38:48,326][INFO ][logstash.pipeline        ] Pipeline main started
[2018-01-07T23:38:48,362][INFO ][logstash.agent           ] Successfully started Logstash API endpoint {:port=>9600}
[2018-01-07T23:44:58,135][WARN ][logstash.runner          ] SIGINT received. Shutting down the agent.
[2018-01-07T23:44:58,142][WARN ][logstash.agent           ] stopping pipeline {:id=>"main"}
[2018-01-07T23:45:03,139][WARN ][logstash.runner          ] Received shutdown signal, but pipeline is still waiting for in-flight events
to be processed. Sending another ^C will force quit Logstash, but this may cause
data loss.
[2018-01-07T23:45:03,186][WARN ][logstash.shutdownwatcher ] {}
[2018-01-07T23:45:03,188][ERROR][logstash.shutdownwatcher ] The shutdown process appears to be stalled due to busy or blocked plugins. Check the logs for more information.
[2018-01-07T23:52:44,946][INFO ][logstash.inputs.beats    ] Beats inputs: Starting input listener {:address=>"0.0.0.0:5044"}
[2018-01-07T23:52:44,998][INFO ][org.logstash.beats.Server] Starting server on port: 5044
[2018-01-07T23:52:45,281][INFO ][logstash.outputs.elasticsearch] Elasticsearch pool URLs updated {:changes=>{:removed=>[], :added=>["http://localhost:9200"]}}
[2018-01-07T23:52:45,281][INFO ][logstash.outputs.elasticsearch] Running health check to see if an Elasticsearch connection is working {:url=>#<URI::HTTP:0x6e7d993c URL:http://localhost:9200>, :healthcheck_path=>"/"}
[2018-01-07T23:52:45,383][WARN ][logstash.outputs.elasticsearch] Restored connection to ES instance {:url=>#<URI::HTTP:0x6e7d993c URL:http://localhost:9200>}
[2018-01-07T23:52:45,384][INFO ][logstash.outputs.elasticsearch] New Elasticsearch output {:class=>"LogStash::Outputs::ElasticSearch", :hosts=>["localhost:9200"]}
[2018-01-07T23:52:45,388][INFO ][logstash.outputs.elasticsearch] Elasticsearch pool URLs updated {:changes=>{:removed=>[], :added=>["http://localhost:9200"]}}
[2018-01-07T23:52:45,389][INFO ][logstash.outputs.elasticsearch] Running health check to see if an Elasticsearch connection is working {:url=>#<URI::HTTP:0x4d5e41eb URL:http://localhost:9200>, :healthcheck_path=>"/"}
[2018-01-07T23:52:45,405][WARN ][logstash.outputs.elasticsearch] Restored connection to ES instance {:url=>#<URI::HTTP:0x4d5e41eb URL:http://localhost:9200>}
[2018-01-07T23:52:45,409][INFO ][logstash.outputs.elasticsearch] New Elasticsearch output {:class=>"LogStash::Outputs::ElasticSearch", :hosts=>["localhost:9200"]}
[2018-01-07T23:52:45,412][INFO ][logstash.outputs.elasticsearch] Elasticsearch pool URLs updated {:changes=>{:removed=>[], :added=>["http://localhost:9200"]}}
[2018-01-07T23:52:45,413][INFO ][logstash.outputs.elasticsearch] Running health check to see if an Elasticsearch connection is working {:url=>#<URI::HTTP:0x7dbd2bae URL:http://localhost:9200>, :healthcheck_path=>"/"}
[2018-01-07T23:52:45,484][WARN ][logstash.outputs.elasticsearch] Restored connection to ES instance {:url=>#<URI::HTTP:0x7dbd2bae URL:http://localhost:9200>}
[2018-01-07T23:52:45,485][INFO ][logstash.outputs.elasticsearch] New Elasticsearch output {:class=>"LogStash::Outputs::ElasticSearch", :hosts=>["localhost:9200"]}
[2018-01-07T23:52:45,487][INFO ][logstash.pipeline        ] Starting pipeline {"id"=>"main", "pipeline.workers"=>4, "pipeline.batch.size"=>125, "pipeline.batch.delay"=>5, "pipeline.max_inflight"=>500}
[2018-01-07T23:52:45,489][INFO ][logstash.pipeline        ] Pipeline main started
[2018-01-07T23:52:45,527][INFO ][logstash.agent           ] Successfully started Logstash API endpoint {:port=>9600}
[2018-01-07T23:54:27,009][WARN ][logstash.runner          ] SIGINT received. Shutting down the agent.
[2018-01-07T23:54:27,019][WARN ][logstash.agent           ] stopping pipeline {:id=>"main"}
[2018-01-07T23:54:32,016][WARN ][logstash.runner          ] Received shutdown signal, but pipeline is still waiting for in-flight events
to be processed. Sending another ^C will force quit Logstash, but this may cause
data loss.
[2018-01-07T23:54:32,056][WARN ][logstash.shutdownwatcher ] {}
[2018-01-07T23:54:32,057][ERROR][logstash.shutdownwatcher ] The shutdown process appears to be stalled due to busy or blocked plugins. Check the logs for more information.
[2018-01-07T23:56:10,505][INFO ][logstash.inputs.beats    ] Beats inputs: Starting input listener {:address=>"0.0.0.0:5044"}
[2018-01-07T23:56:10,541][INFO ][org.logstash.beats.Server] Starting server on port: 5044
[2018-01-07T23:56:10,779][INFO ][logstash.outputs.elasticsearch] Elasticsearch pool URLs updated {:changes=>{:removed=>[], :added=>["http://localhost:9200"]}}
[2018-01-07T23:56:10,780][INFO ][logstash.outputs.elasticsearch] Running health check to see if an Elasticsearch connection is working {:url=>#<URI::HTTP:0x47a46469 URL:http://localhost:9200>, :healthcheck_path=>"/"}
[2018-01-07T23:56:10,857][WARN ][logstash.outputs.elasticsearch] Attempted to resurrect connection to dead ES instance, but got an error. {:url=>#<URI::HTTP:0x47a46469 URL:http://localhost:9200>, :error_type=>LogStash::Outputs::ElasticSearch::HttpClient::Pool::HostUnreachableError, :error=>"Elasticsearch Unreachable: [http://localhost:9200][Manticore::SocketException] Connection refused (Connection refused)"}
[2018-01-07T23:56:10,859][INFO ][logstash.outputs.elasticsearch] New Elasticsearch output {:class=>"LogStash::Outputs::ElasticSearch", :hosts=>["localhost:9200"]}
[2018-01-07T23:56:10,863][INFO ][logstash.outputs.elasticsearch] Elasticsearch pool URLs updated {:changes=>{:removed=>[], :added=>["http://localhost:9200"]}}
[2018-01-07T23:56:10,864][INFO ][logstash.outputs.elasticsearch] Running health check to see if an Elasticsearch connection is working {:url=>#<URI::HTTP:0x15092c0e URL:http://localhost:9200>, :healthcheck_path=>"/"}
[2018-01-07T23:56:10,868][WARN ][logstash.outputs.elasticsearch] Attempted to resurrect connection to dead ES instance, but got an error. {:url=>#<URI::HTTP:0x15092c0e URL:http://localhost:9200>, :error_type=>LogStash::Outputs::ElasticSearch::HttpClient::Pool::HostUnreachableError, :error=>"Elasticsearch Unreachable: [http://localhost:9200][Manticore::SocketException] Connection refused (Connection refused)"}
[2018-01-07T23:56:10,870][INFO ][logstash.outputs.elasticsearch] New Elasticsearch output {:class=>"LogStash::Outputs::ElasticSearch", :hosts=>["localhost:9200"]}
[2018-01-07T23:56:10,873][INFO ][logstash.outputs.elasticsearch] Elasticsearch pool URLs updated {:changes=>{:removed=>[], :added=>["http://localhost:9200"]}}
[2018-01-07T23:56:10,874][INFO ][logstash.outputs.elasticsearch] Running health check to see if an Elasticsearch connection is working {:url=>#<URI::HTTP:0xbf661ef URL:http://localhost:9200>, :healthcheck_path=>"/"}
[2018-01-07T23:56:10,877][WARN ][logstash.outputs.elasticsearch] Attempted to resurrect connection to dead ES instance, but got an error. {:url=>#<URI::HTTP:0xbf661ef URL:http://localhost:9200>, :error_type=>LogStash::Outputs::ElasticSearch::HttpClient::Pool::HostUnreachableError, :error=>"Elasticsearch Unreachable: [http://localhost:9200][Manticore::SocketException] Connection refused (Connection refused)"}
[2018-01-07T23:56:10,878][INFO ][logstash.outputs.elasticsearch] New Elasticsearch output {:class=>"LogStash::Outputs::ElasticSearch", :hosts=>["localhost:9200"]}
[2018-01-07T23:56:10,880][INFO ][logstash.pipeline        ] Starting pipeline {"id"=>"main", "pipeline.workers"=>4, "pipeline.batch.size"=>125, "pipeline.batch.delay"=>5, "pipeline.max_inflight"=>500}
[2018-01-07T23:56:10,883][INFO ][logstash.pipeline        ] Pipeline main started
[2018-01-07T23:56:10,925][INFO ][logstash.agent           ] Successfully started Logstash API endpoint {:port=>9600}
[2018-01-07T23:56:15,869][INFO ][logstash.outputs.elasticsearch] Running health check to see if an Elasticsearch connection is working {:url=>#<URI::HTTP:0x398a5b9 URL:http://localhost:9200>, :healthcheck_path=>"/"}
[2018-01-07T23:56:15,876][WARN ][logstash.outputs.elasticsearch] Attempted to resurrect connection to dead ES instance, but got an error. {:url=>#<URI::HTTP:0x398a5b9 URL:http://localhost:9200>, :error_type=>LogStash::Outputs::ElasticSearch::HttpClient::Pool::HostUnreachableError, :error=>"Elasticsearch Unreachable: [http://localhost:9200][Manticore::SocketException] Connection refused (Connection refused)"}
[2018-01-07T23:56:15,877][INFO ][logstash.outputs.elasticsearch] Running health check to see if an Elasticsearch connection is working {:url=>#<URI::HTTP:0x5f6d9fce URL:http://localhost:9200>, :healthcheck_path=>"/"}
[2018-01-07T23:56:15,881][WARN ][logstash.outputs.elasticsearch] Attempted to resurrect connection to dead ES instance, but got an error. {:url=>#<URI::HTTP:0x5f6d9fce URL:http://localhost:9200>, :error_type=>LogStash::Outputs::ElasticSearch::HttpClient::Pool::HostUnreachableError, :error=>"Elasticsearch Unreachable: [http://localhost:9200][Manticore::SocketException] Connection refused (Connection refused)"}
[2018-01-07T23:56:15,892][INFO ][logstash.outputs.elasticsearch] Running health check to see if an Elasticsearch connection is working {:url=>#<URI::HTTP:0x45a8dac8 URL:http://localhost:9200>, :healthcheck_path=>"/"}
[2018-01-07T23:56:15,895][WARN ][logstash.outputs.elasticsearch] Attempted to resurrect connection to dead ES instance, but got an error. {:url=>#<URI::HTTP:0x45a8dac8 URL:http://localhost:9200>, :error_type=>LogStash::Outputs::ElasticSearch::HttpClient::Pool::HostUnreachableError, :error=>"Elasticsearch Unreachable: [http://localhost:9200][Manticore::SocketException] Connection refused (Connection refused)"}
[2018-01-07T23:56:20,899][INFO ][logstash.outputs.elasticsearch] Running health check to see if an Elasticsearch connection is working {:url=>#<URI::HTTP:0x7f9eef97 URL:http://localhost:9200>, :healthcheck_path=>"/"}
[2018-01-07T23:56:20,899][INFO ][logstash.outputs.elasticsearch] Running health check to see if an Elasticsearch connection is working {:url=>#<URI::HTTP:0x56b820cc URL:http://localhost:9200>, :healthcheck_path=>"/"}
[2018-01-07T23:56:20,903][WARN ][logstash.outputs.elasticsearch] Attempted to resurrect connection to dead ES instance, but got an error. {:url=>#<URI::HTTP:0x56b820cc URL:http://localhost:9200>, :error_type=>LogStash::Outputs::ElasticSearch::HttpClient::Pool::HostUnreachableError, :error=>"Elasticsearch Unreachable: [http://localhost:9200][Manticore::SocketException] Connection refused (Connection refused)"}
[2018-01-07T23:56:20,903][WARN ][logstash.outputs.elasticsearch] Attempted to resurrect connection to dead ES instance, but got an error. {:url=>#<URI::HTTP:0x7f9eef97 URL:http://localhost:9200>, :error_type=>LogStash::Outputs::ElasticSearch::HttpClient::Pool::HostUnreachableError, :error=>"Elasticsearch Unreachable: [http://localhost:9200][Manticore::SocketException] Connection refused (Connection refused)"}
[2018-01-07T23:56:20,908][INFO ][logstash.outputs.elasticsearch] Running health check to see if an Elasticsearch connection is working {:url=>#<URI::HTTP:0x7f294eb4 URL:http://localhost:9200>, :healthcheck_path=>"/"}
[2018-01-07T23:56:20,911][WARN ][logstash.outputs.elasticsearch] Attempted to resurrect connection to dead ES instance, but got an error. {:url=>#<URI::HTTP:0x7f294eb4 URL:http://localhost:9200>, :error_type=>LogStash::Outputs::ElasticSearch::HttpClient::Pool::HostUnreachableError, :error=>"Elasticsearch Unreachable: [http://localhost:9200][Manticore::SocketException] Connection refused (Connection refused)"}
[2018-01-07T23:56:25,911][INFO ][logstash.outputs.elasticsearch] Running health check to see if an Elasticsearch connection is working {:url=>#<URI::HTTP:0x7819b263 URL:http://localhost:9200>, :healthcheck_path=>"/"}
[2018-01-07T23:56:25,911][INFO ][logstash.outputs.elasticsearch] Running health check to see if an Elasticsearch connection is working {:url=>#<URI::HTTP:0x5c93cbf0 URL:http://localhost:9200>, :healthcheck_path=>"/"}
[2018-01-07T23:56:25,915][WARN ][logstash.outputs.elasticsearch] Attempted to resurrect connection to dead ES instance, but got an error. {:url=>#<URI::HTTP:0x5c93cbf0 URL:http://localhost:9200>, :error_type=>LogStash::Outputs::ElasticSearch::HttpClient::Pool::HostUnreachableError, :error=>"Elasticsearch Unreachable: [http://localhost:9200][Manticore::SocketException] Connection refused (Connection refused)"}
[2018-01-07T23:56:25,915][WARN ][logstash.outputs.elasticsearch] Attempted to resurrect connection to dead ES instance, but got an error. {:url=>#<URI::HTTP:0x7819b263 URL:http://localhost:9200>, :error_type=>LogStash::Outputs::ElasticSearch::HttpClient::Pool::HostUnreachableError, :error=>"Elasticsearch Unreachable: [http://localhost:9200][Manticore::SocketException] Connection refused (Connection refused)"}
[2018-01-07T23:56:25,928][INFO ][logstash.outputs.elasticsearch] Running health check to see if an Elasticsearch connection is working {:url=>#<URI::HTTP:0x23c16235 URL:http://localhost:9200>, :healthcheck_path=>"/"}
[2018-01-07T23:56:25,932][WARN ][logstash.outputs.elasticsearch] Attempted to resurrect connection to dead ES instance, but got an error. {:url=>#<URI::HTTP:0x23c16235 URL:http://localhost:9200>, :error_type=>LogStash::Outputs::ElasticSearch::HttpClient::Pool::HostUnreachableError, :error=>"Elasticsearch Unreachable: [http://localhost:9200][Manticore::SocketException] Connection refused (Connection refused)"}
[2018-01-07T23:56:30,925][INFO ][logstash.outputs.elasticsearch] Running health check to see if an Elasticsearch connection is working {:url=>#<URI::HTTP:0x48e78881 URL:http://localhost:9200>, :healthcheck_path=>"/"}
[2018-01-07T23:56:30,925][INFO ][logstash.outputs.elasticsearch] Running health check to see if an Elasticsearch connection is working {:url=>#<URI::HTTP:0x70e500e1 URL:http://localhost:9200>, :healthcheck_path=>"/"}
[2018-01-07T23:56:30,933][WARN ][logstash.outputs.elasticsearch] Attempted to resurrect connection to dead ES instance, but got an error. {:url=>#<URI::HTTP:0x70e500e1 URL:http://localhost:9200>, :error_type=>LogStash::Outputs::ElasticSearch::HttpClient::Pool::HostUnreachableError, :error=>"Elasticsearch Unreachable: [http://localhost:9200][Manticore::SocketException] Connection refused (Connection refused)"}
[2018-01-07T23:56:30,935][WARN ][logstash.outputs.elasticsearch] Attempted to resurrect connection to dead ES instance, but got an error. {:url=>#<URI::HTTP:0x48e78881 URL:http://localhost:9200>, :error_type=>LogStash::Outputs::ElasticSearch::HttpClient::Pool::HostUnreachableError, :error=>"Elasticsearch Unreachable: [http://localhost:9200][Manticore::SocketException] Connection refused (Connection refused)"}
[2018-01-07T23:56:30,942][INFO ][logstash.outputs.elasticsearch] Running health check to see if an Elasticsearch connection is working {:url=>#<URI::HTTP:0x2d214bd0 URL:http://localhost:9200>, :healthcheck_path=>"/"}
[2018-01-07T23:56:30,946][WARN ][logstash.outputs.elasticsearch] Attempted to resurrect connection to dead ES instance, but got an error. {:url=>#<URI::HTTP:0x2d214bd0 URL:http://localhost:9200>, :error_type=>LogStash::Outputs::ElasticSearch::HttpClient::Pool::HostUnreachableError, :error=>"Elasticsearch Unreachable: [http://localhost:9200][Manticore::SocketException] Connection refused (Connection refused)"}
[2018-01-07T23:56:35,946][INFO ][logstash.outputs.elasticsearch] Running health check to see if an Elasticsearch connection is working {:url=>#<URI::HTTP:0x6d50ff1 URL:http://localhost:9200>, :healthcheck_path=>"/"}
[2018-01-07T23:56:35,946][INFO ][logstash.outputs.elasticsearch] Running health check to see if an Elasticsearch connection is working {:url=>#<URI::HTTP:0x2b7f2cde URL:http://localhost:9200>, :healthcheck_path=>"/"}
[2018-01-07T23:56:35,961][INFO ][logstash.outputs.elasticsearch] Running health check to see if an Elasticsearch connection is working {:url=>#<URI::HTTP:0x7626e555 URL:http://localhost:9200>, :healthcheck_path=>"/"}
[2018-01-07T23:56:36,003][WARN ][logstash.outputs.elasticsearch] Restored connection to ES instance {:url=>#<URI::HTTP:0x2b7f2cde URL:http://localhost:9200>}
[2018-01-07T23:56:36,003][WARN ][logstash.outputs.elasticsearch] Restored connection to ES instance {:url=>#<URI::HTTP:0x6d50ff1 URL:http://localhost:9200>}
[2018-01-07T23:56:36,011][WARN ][logstash.outputs.elasticsearch] Restored connection to ES instance {:url=>#<URI::HTTP:0x7626e555 URL:http://localhost:9200>}
